2025-08-13 15:04:17,926 - INFO - Directory structure created/verified
2025-08-13 15:04:17,926 - INFO - [WEB] JSON will be created at: static\ui\templates\activnet_data.json
2025-08-13 15:04:17,926 - INFO - [SYSTEM] Starting ACTIVnet File Processing System
2025-08-13 15:04:17,926 - INFO - [FOLDER] Monitoring directory: data_staging
2025-08-13 15:04:17,926 - INFO - [DATA] Master Excel file: static\ui\data\synthetic_flows_apps_archetype_mapped.xlsx
2025-08-13 15:04:17,926 - INFO - [WEB] JSON data file (web-accessible): static\ui\templates\activnet_data.json
2025-08-13 15:04:17,926 - INFO - [WEB] Web server should serve from: static\ui
2025-08-13 15:04:17,926 - INFO - [WEB] JSON accessible at: /templates/activnet_data.json
2025-08-13 15:04:17,932 - INFO - [SCANNING] Checking for existing files in staging directory...
2025-08-13 15:04:17,932 - INFO - No existing files found in staging directory
2025-08-13 15:04:17,932 - INFO - [PROCESSING] File monitoring started. Waiting for new files...
2025-08-13 15:04:27,935 - INFO - [DATA] Status: 8 processed, 5 failed files
2025-08-13 15:04:37,937 - INFO - [DATA] Status: 8 processed, 5 failed files
2025-08-13 15:04:47,939 - INFO - [DATA] Status: 8 processed, 5 failed files
2025-08-13 15:04:57,941 - INFO - [DATA] Status: 8 processed, 5 failed files
2025-08-13 15:05:07,943 - INFO - [DATA] Status: 8 processed, 5 failed files
2025-08-13 15:05:10,347 - INFO - [STOP] Stopping file monitoring...
2025-08-13 15:05:10,357 - INFO - [SUCCESS] File processing system stopped
2025-08-14 04:36:57,039 - INFO - Directory structure created/verified
2025-08-14 04:36:57,039 - INFO - [WEB] JSON will be created at: static\ui\templates\activnet_data.json
2025-08-14 04:36:57,039 - INFO - [SYSTEM] Starting ACTIVnet File Processing System
2025-08-14 04:36:57,039 - INFO - [FOLDER] Monitoring directory: data_staging
2025-08-14 04:36:57,039 - INFO - [DATA] Master Excel file: static\ui\data\synthetic_flows_apps_archetype_mapped.xlsx
2025-08-14 04:36:57,039 - INFO - [WEB] JSON data file (web-accessible): static\ui\templates\activnet_data.json
2025-08-14 04:36:57,039 - INFO - [WEB] Web server should serve from: static\ui
2025-08-14 04:36:57,039 - INFO - [WEB] JSON accessible at: /templates/activnet_data.json
2025-08-14 04:36:57,039 - INFO - [SCANNING] Checking for existing files in staging directory...
2025-08-14 04:36:57,039 - INFO - No existing files found in staging directory
2025-08-14 04:36:57,039 - INFO - [PROCESSING] File monitoring started. Waiting for new files...
2025-08-14 04:37:07,047 - INFO - [DATA] Status: 8 processed, 5 failed files
2025-08-14 04:37:17,054 - INFO - [DATA] Status: 8 processed, 5 failed files
2025-08-14 04:37:27,056 - INFO - [DATA] Status: 8 processed, 5 failed files
2025-08-14 04:37:33,209 - INFO - [STOP] Stopping file monitoring...
2025-08-14 04:37:33,212 - INFO - [SUCCESS] File processing system stopped
2025-08-15 07:58:21,317 - INFO - Directory structure created/verified
2025-08-15 07:58:21,317 - INFO - [WEB] JSON will be created at: static\ui\templates\activnet_data.json
2025-08-15 07:58:21,317 - INFO - [SYSTEM] Starting ACTIVnet File Processing System
2025-08-15 07:58:21,317 - INFO - [FOLDER] Monitoring directory: data_staging
2025-08-15 07:58:21,317 - INFO - [DATA] Master Excel file: static\ui\data\synthetic_flows_apps_archetype_mapped.xlsx
2025-08-15 07:58:21,317 - INFO - [WEB] JSON data file (web-accessible): static\ui\templates\activnet_data.json
2025-08-15 07:58:21,317 - INFO - [WEB] Web server should serve from: static\ui
2025-08-15 07:58:21,317 - INFO - [WEB] JSON accessible at: /templates/activnet_data.json
2025-08-15 07:58:21,317 - INFO - [SCANNING] Checking for existing files in staging directory...
2025-08-15 07:58:21,317 - INFO - Found 3 existing files to process
2025-08-15 07:58:21,317 - INFO - Processing existing file: applicationList.csv
2025-08-15 07:58:21,317 - INFO - [PROCESSING] Processing file: applicationList.csv
2025-08-15 07:58:21,331 - ERROR - Data validation failed: Missing required columns: ['src', 'dst', 'protocol']
2025-08-15 07:58:21,331 - INFO - [MOVE] Moving applicationList.csv to failed/
2025-08-15 07:58:21,331 - INFO - Processing existing file: normalized_synthetic_traffic.csv
2025-08-15 07:58:21,331 - INFO - [PROCESSING] Processing file: normalized_synthetic_traffic.csv
2025-08-15 07:58:21,452 - INFO - Data validation passed: 100000 rows, columns: ['timestamp', 'src', 'dst', 'protocol', 'application', 'bytes', 'info', 'archetype', 'behavior', 'review_required', 'is_known_app']
2025-08-15 07:58:23,790 - INFO - [APPEND] Appending 100000 rows to master Excel file...
2025-08-15 07:58:29,643 - INFO - Existing master file has 100000 rows
2025-08-15 07:58:29,700 - INFO - After deduplication: 40356 rows
2025-08-15 07:58:36,491 - INFO - [SUCCESS] Successfully updated master Excel file: static\ui\data\synthetic_flows_apps_archetype_mapped.xlsx
2025-08-15 07:58:36,491 - INFO - [JSON] Creating JSON data file for web application...
2025-08-15 07:58:36,497 - INFO - [JSON] Web templates directory: static\ui\templates
2025-08-15 07:58:36,728 - INFO - [JSON] Created summary for 51 applications
2025-08-15 07:58:40,401 - INFO - [JSON] Created 0 port service mappings
2025-08-15 07:58:40,432 - INFO - [JSON] Writing to: static\ui\templates\activnet_data.json
2025-08-15 07:58:40,432 - INFO - [SUCCESS] JSON file created: static\ui\templates\activnet_data.json (56,006 bytes)
2025-08-15 07:58:40,432 - INFO - [SUCCESS] Successfully processed normalized_synthetic_traffic.csv: 100000 records
2025-08-15 07:58:40,443 - INFO - [MOVE] Moving normalized_synthetic_traffic.csv to processed/
2025-08-15 07:58:40,443 - INFO - Processing existing file: updated_normalized_synthetic_traffic.csv
2025-08-15 07:58:40,443 - INFO - [PROCESSING] Processing file: updated_normalized_synthetic_traffic.csv
2025-08-15 07:58:40,564 - INFO - Data validation passed: 100000 rows, columns: ['timestamp', 'src', 'dst', 'protocol', 'application', 'bytes', 'info', 'archetype', 'behavior', 'review_required', 'is_known_app']
2025-08-15 07:58:43,018 - INFO - [APPEND] Appending 100000 rows to master Excel file...
2025-08-15 07:58:48,589 - INFO - Existing master file has 40356 rows
2025-08-15 07:58:48,642 - INFO - After deduplication: 40356 rows
2025-08-15 07:58:56,699 - INFO - [SUCCESS] Successfully updated master Excel file: static\ui\data\synthetic_flows_apps_archetype_mapped.xlsx
2025-08-15 07:58:56,700 - INFO - [JSON] Creating JSON data file for web application...
2025-08-15 07:58:56,700 - INFO - [JSON] Web templates directory: static\ui\templates
2025-08-15 07:58:56,963 - INFO - [JSON] Created summary for 51 applications
2025-08-15 07:59:01,756 - INFO - [JSON] Created 0 port service mappings
2025-08-15 07:59:01,788 - INFO - [JSON] Writing to: static\ui\templates\activnet_data.json
2025-08-15 07:59:01,794 - INFO - [SUCCESS] JSON file created: static\ui\templates\activnet_data.json (56,176 bytes)
2025-08-15 07:59:01,794 - INFO - [SUCCESS] Successfully processed updated_normalized_synthetic_traffic.csv: 100000 records
2025-08-15 07:59:01,800 - INFO - [MOVE] Moving updated_normalized_synthetic_traffic.csv to processed/
2025-08-15 07:59:01,809 - INFO - [PROCESSING] File monitoring started. Waiting for new files...
2025-08-15 07:59:11,810 - INFO - [DATA] Status: 10 processed, 6 failed files
2025-08-15 07:59:21,812 - INFO - [DATA] Status: 10 processed, 6 failed files
2025-08-15 07:59:31,813 - INFO - [DATA] Status: 10 processed, 6 failed files
2025-08-15 07:59:41,815 - INFO - [DATA] Status: 10 processed, 6 failed files
2025-08-15 07:59:51,816 - INFO - [DATA] Status: 10 processed, 6 failed files
2025-08-15 08:00:01,823 - INFO - [DATA] Status: 10 processed, 6 failed files
2025-08-15 08:00:11,825 - INFO - [DATA] Status: 10 processed, 6 failed files
2025-08-15 08:00:21,826 - INFO - [DATA] Status: 10 processed, 6 failed files
2025-08-15 08:00:31,830 - INFO - [DATA] Status: 10 processed, 6 failed files
2025-08-15 08:00:41,833 - INFO - [DATA] Status: 10 processed, 6 failed files
2025-08-15 08:00:51,834 - INFO - [DATA] Status: 10 processed, 6 failed files
2025-08-15 08:01:01,836 - INFO - [DATA] Status: 10 processed, 6 failed files
2025-08-15 08:01:11,838 - INFO - [DATA] Status: 10 processed, 6 failed files
2025-08-15 08:01:21,840 - INFO - [DATA] Status: 10 processed, 6 failed files
2025-08-15 08:01:31,843 - INFO - [DATA] Status: 10 processed, 6 failed files
2025-08-15 08:01:41,844 - INFO - [DATA] Status: 10 processed, 6 failed files
2025-08-15 08:01:51,845 - INFO - [DATA] Status: 10 processed, 6 failed files
2025-08-15 08:02:01,847 - INFO - [DATA] Status: 10 processed, 6 failed files
2025-08-15 08:02:11,849 - INFO - [DATA] Status: 10 processed, 6 failed files
2025-08-15 08:02:21,852 - INFO - [DATA] Status: 10 processed, 6 failed files
2025-08-15 08:02:31,858 - INFO - [DATA] Status: 10 processed, 6 failed files
2025-08-15 08:02:41,860 - INFO - [DATA] Status: 10 processed, 6 failed files
2025-08-15 08:02:51,862 - INFO - [DATA] Status: 10 processed, 6 failed files
2025-08-15 08:03:01,864 - INFO - [DATA] Status: 10 processed, 6 failed files
2025-08-15 08:03:11,865 - INFO - [DATA] Status: 10 processed, 6 failed files
2025-08-15 08:03:21,034 - INFO - [STOP] Stopping file monitoring...
2025-08-15 08:03:21,034 - INFO - [SUCCESS] File processing system stopped
2025-08-15 08:03:26,121 - INFO - Directory structure created/verified
2025-08-15 08:03:26,121 - INFO - [WEB] JSON will be created at: static\ui\templates\activnet_data.json
2025-08-15 08:03:26,121 - INFO - Loaded 2 processed data hashes
2025-08-15 08:03:26,121 - INFO - [SYSTEM] Starting ACTIVnet File Processing System
2025-08-15 08:03:26,125 - INFO - [FOLDER] Monitoring directory: data_staging
2025-08-15 08:03:26,125 - INFO - [DATA] Master Excel file: static\ui\data\synthetic_flows_apps_archetype_mapped.xlsx
2025-08-15 08:03:26,125 - INFO - [WEB] JSON data file (web-accessible): static\ui\templates\activnet_data.json
2025-08-15 08:03:26,125 - INFO - [WEB] Web server should serve from: static\ui
2025-08-15 08:03:26,125 - INFO - [WEB] JSON accessible at: /templates/activnet_data.json
2025-08-15 08:03:26,125 - INFO - [SCANNING] Checking for existing files in staging directory...
2025-08-15 08:03:26,125 - INFO - Found 1 existing files to process
2025-08-15 08:03:26,125 - INFO - Processing existing file: processed_hashes.json
2025-08-15 08:03:26,125 - INFO - [PROCESSING] Processing file: processed_hashes.json
2025-08-15 08:03:26,125 - ERROR - Data validation failed: Missing required columns: ['src', 'dst', 'protocol']
2025-08-15 08:03:26,125 - INFO - [MOVE] Moving processed_hashes.json to failed/
2025-08-15 08:03:26,131 - INFO - [PROCESSING] File monitoring started. Waiting for new files...
2025-08-15 08:03:36,132 - INFO - [DATA] Status: 10 processed, 7 failed files
2025-08-15 08:03:46,139 - INFO - [DATA] Status: 10 processed, 7 failed files
2025-08-15 08:03:56,159 - INFO - [DATA] Status: 10 processed, 7 failed files
2025-08-15 08:04:06,161 - INFO - [DATA] Status: 10 processed, 7 failed files
2025-08-15 08:04:16,162 - INFO - [DATA] Status: 10 processed, 7 failed files
2025-08-15 08:04:26,163 - INFO - [DATA] Status: 10 processed, 7 failed files
2025-08-15 08:04:36,165 - INFO - [DATA] Status: 10 processed, 7 failed files
2025-08-15 08:04:46,166 - INFO - [DATA] Status: 10 processed, 7 failed files
2025-08-15 08:04:56,168 - INFO - [DATA] Status: 10 processed, 7 failed files
2025-08-15 08:05:06,168 - INFO - [DATA] Status: 10 processed, 7 failed files
2025-08-15 08:05:16,170 - INFO - [DATA] Status: 10 processed, 7 failed files
2025-08-15 08:05:26,172 - INFO - [DATA] Status: 10 processed, 7 failed files
2025-08-15 08:05:36,174 - INFO - [DATA] Status: 10 processed, 7 failed files
2025-08-15 08:05:46,175 - INFO - [DATA] Status: 10 processed, 7 failed files
2025-08-15 08:05:56,178 - INFO - [DATA] Status: 10 processed, 7 failed files
2025-08-15 08:06:06,179 - INFO - [DATA] Status: 10 processed, 7 failed files
2025-08-15 08:06:16,192 - INFO - [DATA] Status: 10 processed, 7 failed files
2025-08-15 08:06:26,206 - INFO - [DATA] Status: 10 processed, 7 failed files
2025-08-15 08:06:36,209 - INFO - [DATA] Status: 10 processed, 7 failed files
2025-08-15 08:06:46,211 - INFO - [DATA] Status: 10 processed, 7 failed files
2025-08-15 08:06:56,213 - INFO - [DATA] Status: 10 processed, 7 failed files
2025-08-15 08:07:01,961 - INFO - [STOP] Stopping file monitoring...
2025-08-15 08:07:01,963 - INFO - [SUCCESS] File processing system stopped
2025-08-25 09:04:10,612 - INFO - Directory structure created/verified
2025-08-25 09:04:10,613 - INFO - [WEB] JSON will be created at: static\ui\templates\activnet_data.json
2025-08-25 09:04:10,614 - INFO - [SYSTEM] Starting ACTIVnet File Processing System
2025-08-25 09:04:10,614 - INFO - [FOLDER] Monitoring directory: data_staging
2025-08-25 09:04:10,615 - INFO - [DATA] Master Excel file: static\ui\data\synthetic_flows_apps_archetype_mapped.xlsx
2025-08-25 09:04:10,615 - INFO - [WEB] JSON data file (web-accessible): static\ui\templates\activnet_data.json
2025-08-25 09:04:10,616 - INFO - [WEB] Web server should serve from: static\ui
2025-08-25 09:04:10,616 - INFO - [WEB] JSON accessible at: /templates/activnet_data.json
2025-08-25 09:04:10,616 - INFO - [SCANNING] Checking for existing files in staging directory...
2025-08-25 09:04:10,619 - INFO - Found 2 existing files to process
2025-08-25 09:04:10,620 - INFO - Processing existing file: applicationList.csv
2025-08-25 09:04:10,620 - INFO - [PROCESSING] Processing file: applicationList.csv
2025-08-25 09:04:10,636 - ERROR - Data validation failed: Missing required columns: ['src', 'dst', 'protocol']
2025-08-25 09:04:10,636 - INFO - [MOVE] Moving applicationList.csv to failed/
2025-08-25 09:04:10,640 - INFO - Processing existing file: updated_normalized_synthetic_traffic.csv
2025-08-25 09:04:10,640 - INFO - [PROCESSING] Processing file: updated_normalized_synthetic_traffic.csv
2025-08-25 09:04:10,816 - INFO - Data validation passed: 100000 rows, columns: ['timestamp', 'src', 'dst', 'protocol', 'application', 'bytes', 'info', 'archetype', 'behavior', 'review_required', 'is_known_app']
2025-08-25 09:04:14,248 - INFO - [APPEND] Appending 100000 rows to master Excel file...
2025-08-25 09:04:21,962 - INFO - Existing master file has 40356 rows
2025-08-25 09:04:22,047 - INFO - After deduplication: 40356 rows
2025-08-25 09:04:32,746 - INFO - [SUCCESS] Successfully updated master Excel file: static\ui\data\synthetic_flows_apps_archetype_mapped.xlsx
2025-08-25 09:04:32,754 - INFO - [JSON] Creating JSON data file for web application...
2025-08-25 09:04:32,761 - INFO - [JSON] Web templates directory: static\ui\templates
2025-08-25 09:04:33,113 - INFO - [JSON] Created summary for 51 applications
2025-08-25 09:04:40,912 - INFO - [JSON] Created 0 port service mappings
2025-08-25 09:04:40,946 - INFO - [JSON] Writing to: static\ui\templates\activnet_data.json
2025-08-25 09:04:40,959 - INFO - [SUCCESS] JSON file created: static\ui\templates\activnet_data.json (56,083 bytes)
2025-08-25 09:04:40,962 - INFO - [SUCCESS] JSON validation passed
2025-08-25 09:04:40,967 - INFO - [SUCCESS] Successfully processed updated_normalized_synthetic_traffic.csv: 100000 records
2025-08-25 09:04:40,973 - INFO - [MOVE] Moving updated_normalized_synthetic_traffic.csv to processed/
2025-08-25 09:04:40,980 - INFO - [PROCESSING] File monitoring started. Waiting for new files...
2025-08-25 09:04:50,983 - INFO - [DATA] Status: 11 processed, 7 failed files
2025-08-25 09:05:00,984 - INFO - [DATA] Status: 11 processed, 7 failed files
2025-08-25 09:05:10,986 - INFO - [DATA] Status: 11 processed, 7 failed files
2025-08-25 09:05:20,989 - INFO - [DATA] Status: 11 processed, 7 failed files
2025-08-25 09:05:30,991 - INFO - [DATA] Status: 11 processed, 7 failed files
2025-08-25 09:05:40,994 - INFO - [DATA] Status: 11 processed, 7 failed files
2025-08-25 09:05:50,995 - INFO - [DATA] Status: 11 processed, 7 failed files
2025-08-25 09:06:00,997 - INFO - [DATA] Status: 11 processed, 7 failed files
2025-08-25 09:06:11,001 - INFO - [DATA] Status: 11 processed, 7 failed files
2025-08-25 09:06:21,002 - INFO - [DATA] Status: 11 processed, 7 failed files
2025-08-25 09:06:31,005 - INFO - [DATA] Status: 11 processed, 7 failed files
2025-08-25 09:06:41,006 - INFO - [DATA] Status: 11 processed, 7 failed files
2025-08-25 09:06:51,009 - INFO - [DATA] Status: 11 processed, 7 failed files
2025-08-25 09:07:01,012 - INFO - [DATA] Status: 11 processed, 7 failed files
2025-08-25 09:07:06,219 - INFO - [NEW] New file detected: applicationList.csv
2025-08-25 09:07:06,219 - INFO - [PROCESSING] Processing file: applicationList.csv
2025-08-25 09:07:06,224 - ERROR - Data validation failed: Missing required columns: ['src', 'dst', 'protocol']
2025-08-25 09:07:06,225 - INFO - [MOVE] Moving applicationList.csv to failed/
2025-08-25 09:07:11,012 - INFO - [DATA] Status: 11 processed, 8 failed files
2025-08-25 09:07:21,016 - INFO - [DATA] Status: 11 processed, 8 failed files
2025-08-25 09:07:31,018 - INFO - [DATA] Status: 11 processed, 8 failed files
2025-08-25 09:07:41,021 - INFO - [DATA] Status: 11 processed, 8 failed files
2025-08-25 09:07:51,023 - INFO - [DATA] Status: 11 processed, 8 failed files
2025-08-25 09:08:01,025 - INFO - [DATA] Status: 11 processed, 8 failed files
2025-08-25 09:08:11,028 - INFO - [DATA] Status: 11 processed, 8 failed files
2025-08-25 09:08:21,028 - INFO - [DATA] Status: 11 processed, 8 failed files
2025-08-25 09:08:31,032 - INFO - [DATA] Status: 11 processed, 8 failed files
2025-08-25 09:08:41,034 - INFO - [DATA] Status: 11 processed, 8 failed files
2025-08-25 09:08:51,037 - INFO - [DATA] Status: 11 processed, 8 failed files
2025-08-25 09:09:01,038 - INFO - [DATA] Status: 11 processed, 8 failed files
2025-08-25 09:09:11,041 - INFO - [DATA] Status: 11 processed, 8 failed files
2025-08-25 09:09:21,045 - INFO - [DATA] Status: 11 processed, 8 failed files
2025-08-25 09:09:31,047 - INFO - [DATA] Status: 11 processed, 8 failed files
2025-08-25 09:09:41,049 - INFO - [DATA] Status: 11 processed, 8 failed files
2025-08-25 09:09:51,051 - INFO - [DATA] Status: 11 processed, 8 failed files
2025-08-25 09:10:01,053 - INFO - [DATA] Status: 11 processed, 8 failed files
2025-08-25 09:10:11,056 - INFO - [DATA] Status: 11 processed, 8 failed files
2025-08-25 09:10:17,031 - INFO - [NEW] New file detected: applicationList.csv
2025-08-25 09:10:17,032 - INFO - [PROCESSING] Processing file: applicationList.csv
2025-08-25 09:10:17,040 - ERROR - Data validation failed: Missing required columns: ['src', 'dst', 'protocol']
2025-08-25 09:10:17,040 - INFO - [MOVE] Moving applicationList.csv to failed/
2025-08-25 09:10:21,059 - INFO - [DATA] Status: 11 processed, 9 failed files
2025-08-25 09:10:31,062 - INFO - [DATA] Status: 11 processed, 9 failed files
2025-08-25 09:10:41,064 - INFO - [DATA] Status: 11 processed, 9 failed files
2025-08-25 09:10:51,066 - INFO - [DATA] Status: 11 processed, 9 failed files
2025-08-25 09:11:01,069 - INFO - [DATA] Status: 11 processed, 9 failed files
2025-08-25 09:11:11,071 - INFO - [DATA] Status: 11 processed, 9 failed files
2025-08-25 09:11:21,075 - INFO - [DATA] Status: 11 processed, 9 failed files
2025-08-25 09:11:31,078 - INFO - [DATA] Status: 11 processed, 9 failed files
2025-08-25 09:11:41,081 - INFO - [DATA] Status: 11 processed, 9 failed files
2025-08-25 09:11:51,085 - INFO - [DATA] Status: 11 processed, 9 failed files
2025-08-25 09:12:01,088 - INFO - [DATA] Status: 11 processed, 9 failed files
2025-08-25 09:12:11,088 - INFO - [DATA] Status: 11 processed, 9 failed files
2025-08-25 09:12:21,093 - INFO - [DATA] Status: 11 processed, 9 failed files
2025-08-25 09:12:31,095 - INFO - [DATA] Status: 11 processed, 9 failed files
2025-08-25 09:12:41,097 - INFO - [DATA] Status: 11 processed, 9 failed files
2025-08-25 09:12:51,100 - INFO - [DATA] Status: 11 processed, 9 failed files
2025-08-25 09:13:01,102 - INFO - [DATA] Status: 11 processed, 9 failed files
2025-08-25 09:13:11,103 - INFO - [DATA] Status: 11 processed, 9 failed files
2025-08-25 09:13:21,106 - INFO - [DATA] Status: 11 processed, 9 failed files
2025-08-25 09:13:31,110 - INFO - [DATA] Status: 11 processed, 9 failed files
2025-08-25 09:13:41,113 - INFO - [DATA] Status: 11 processed, 9 failed files
2025-08-25 09:13:51,116 - INFO - [DATA] Status: 11 processed, 9 failed files
2025-08-25 09:14:01,117 - INFO - [DATA] Status: 11 processed, 9 failed files
2025-08-25 09:14:11,119 - INFO - [DATA] Status: 11 processed, 9 failed files
2025-08-25 09:14:21,121 - INFO - [DATA] Status: 11 processed, 9 failed files
2025-08-25 09:14:31,124 - INFO - [DATA] Status: 11 processed, 9 failed files
2025-08-25 09:14:41,126 - INFO - [DATA] Status: 11 processed, 9 failed files
2025-08-25 09:14:51,128 - INFO - [DATA] Status: 11 processed, 9 failed files
2025-08-25 09:15:01,131 - INFO - [DATA] Status: 11 processed, 9 failed files
2025-08-25 09:15:11,134 - INFO - [DATA] Status: 11 processed, 9 failed files
2025-08-25 09:15:21,135 - INFO - [DATA] Status: 11 processed, 9 failed files
2025-08-25 09:15:31,137 - INFO - [DATA] Status: 11 processed, 9 failed files
2025-08-25 09:15:41,138 - INFO - [DATA] Status: 11 processed, 9 failed files
2025-08-25 09:15:51,142 - INFO - [DATA] Status: 11 processed, 9 failed files
2025-08-25 09:16:01,145 - INFO - [DATA] Status: 11 processed, 9 failed files
2025-08-25 09:16:11,147 - INFO - [DATA] Status: 11 processed, 9 failed files
2025-08-25 09:16:21,149 - INFO - [DATA] Status: 11 processed, 9 failed files
2025-08-25 09:16:31,151 - INFO - [DATA] Status: 11 processed, 9 failed files
2025-08-25 09:16:41,152 - INFO - [DATA] Status: 11 processed, 9 failed files
2025-08-25 09:16:51,154 - INFO - [DATA] Status: 11 processed, 9 failed files
2025-08-25 09:17:01,157 - INFO - [DATA] Status: 11 processed, 9 failed files
2025-08-25 09:17:11,159 - INFO - [DATA] Status: 11 processed, 9 failed files
2025-08-25 09:17:21,161 - INFO - [DATA] Status: 11 processed, 9 failed files
2025-08-25 09:17:31,163 - INFO - [DATA] Status: 11 processed, 9 failed files
2025-08-25 09:17:41,164 - INFO - [DATA] Status: 11 processed, 9 failed files
2025-08-25 09:17:51,166 - INFO - [DATA] Status: 11 processed, 9 failed files
2025-08-25 09:18:01,168 - INFO - [DATA] Status: 11 processed, 9 failed files
2025-08-25 09:18:11,170 - INFO - [DATA] Status: 11 processed, 9 failed files
2025-08-25 09:18:21,171 - INFO - [DATA] Status: 11 processed, 9 failed files
2025-08-25 09:18:31,174 - INFO - [DATA] Status: 11 processed, 9 failed files
2025-08-25 09:18:41,176 - INFO - [DATA] Status: 11 processed, 9 failed files
2025-08-25 09:18:51,177 - INFO - [DATA] Status: 11 processed, 9 failed files
2025-08-25 09:19:01,181 - INFO - [DATA] Status: 11 processed, 9 failed files
2025-08-25 09:19:11,184 - INFO - [DATA] Status: 11 processed, 9 failed files
2025-08-25 09:19:21,185 - INFO - [DATA] Status: 11 processed, 9 failed files
2025-08-25 09:19:31,187 - INFO - [DATA] Status: 11 processed, 9 failed files
2025-08-25 09:19:41,189 - INFO - [DATA] Status: 11 processed, 9 failed files
2025-08-25 09:19:51,192 - INFO - [DATA] Status: 11 processed, 9 failed files
2025-08-25 09:20:01,194 - INFO - [DATA] Status: 11 processed, 9 failed files
2025-08-25 09:20:11,197 - INFO - [DATA] Status: 11 processed, 9 failed files
2025-08-25 09:20:21,199 - INFO - [DATA] Status: 11 processed, 9 failed files
2025-08-25 09:20:31,202 - INFO - [DATA] Status: 11 processed, 9 failed files
2025-08-25 09:20:41,203 - INFO - [DATA] Status: 11 processed, 9 failed files
2025-08-25 09:20:51,206 - INFO - [DATA] Status: 11 processed, 9 failed files
2025-08-25 09:21:01,208 - INFO - [DATA] Status: 11 processed, 9 failed files
2025-08-25 09:21:11,211 - INFO - [DATA] Status: 11 processed, 9 failed files
2025-08-25 09:21:21,213 - INFO - [DATA] Status: 11 processed, 9 failed files
2025-08-25 09:21:31,214 - INFO - [DATA] Status: 11 processed, 9 failed files
2025-08-25 09:21:41,218 - INFO - [DATA] Status: 11 processed, 9 failed files
2025-08-25 09:21:51,221 - INFO - [DATA] Status: 11 processed, 9 failed files
2025-08-25 09:22:01,223 - INFO - [DATA] Status: 11 processed, 9 failed files
2025-08-25 09:22:11,224 - INFO - [DATA] Status: 11 processed, 9 failed files
2025-08-25 09:22:21,226 - INFO - [DATA] Status: 11 processed, 9 failed files
2025-08-25 09:22:31,229 - INFO - [DATA] Status: 11 processed, 9 failed files
2025-08-25 09:22:41,230 - INFO - [DATA] Status: 11 processed, 9 failed files
2025-08-25 09:22:51,231 - INFO - [DATA] Status: 11 processed, 9 failed files
2025-08-25 09:23:01,235 - INFO - [DATA] Status: 11 processed, 9 failed files
2025-08-25 09:23:11,238 - INFO - [DATA] Status: 11 processed, 9 failed files
2025-08-25 09:23:21,241 - INFO - [DATA] Status: 11 processed, 9 failed files
2025-08-25 09:23:31,244 - INFO - [DATA] Status: 11 processed, 9 failed files
2025-08-25 09:23:41,246 - INFO - [DATA] Status: 11 processed, 9 failed files
2025-08-25 09:23:51,248 - INFO - [DATA] Status: 11 processed, 9 failed files
2025-08-25 09:24:01,249 - INFO - [DATA] Status: 11 processed, 9 failed files
2025-08-25 09:24:11,251 - INFO - [DATA] Status: 11 processed, 9 failed files
2025-08-25 09:24:21,254 - INFO - [DATA] Status: 11 processed, 9 failed files
2025-08-25 09:24:31,256 - INFO - [DATA] Status: 11 processed, 9 failed files
2025-08-25 09:24:41,257 - INFO - [DATA] Status: 11 processed, 9 failed files
2025-08-25 09:24:51,260 - INFO - [DATA] Status: 11 processed, 9 failed files
2025-08-25 09:25:01,263 - INFO - [DATA] Status: 11 processed, 9 failed files
2025-08-25 09:25:11,265 - INFO - [DATA] Status: 11 processed, 9 failed files
2025-08-25 09:25:21,268 - INFO - [DATA] Status: 11 processed, 9 failed files
2025-08-25 09:25:31,271 - INFO - [DATA] Status: 11 processed, 9 failed files
2025-08-25 09:25:41,273 - INFO - [DATA] Status: 11 processed, 9 failed files
2025-08-25 09:25:51,275 - INFO - [DATA] Status: 11 processed, 9 failed files
2025-08-25 09:26:01,278 - INFO - [DATA] Status: 11 processed, 9 failed files
2025-08-25 09:26:11,280 - INFO - [DATA] Status: 11 processed, 9 failed files
2025-08-25 09:26:21,282 - INFO - [DATA] Status: 11 processed, 9 failed files
2025-08-25 09:26:31,284 - INFO - [DATA] Status: 11 processed, 9 failed files
2025-08-25 09:26:41,287 - INFO - [DATA] Status: 11 processed, 9 failed files
2025-08-25 09:26:51,289 - INFO - [DATA] Status: 11 processed, 9 failed files
2025-08-25 09:27:01,291 - INFO - [DATA] Status: 11 processed, 9 failed files
2025-08-25 09:27:11,292 - INFO - [DATA] Status: 11 processed, 9 failed files
2025-08-25 09:27:21,296 - INFO - [DATA] Status: 11 processed, 9 failed files
2025-08-25 09:27:31,299 - INFO - [DATA] Status: 11 processed, 9 failed files
2025-08-25 09:27:41,301 - INFO - [DATA] Status: 11 processed, 9 failed files
2025-08-25 09:27:51,302 - INFO - [DATA] Status: 11 processed, 9 failed files
2025-08-25 09:28:01,304 - INFO - [DATA] Status: 11 processed, 9 failed files
2025-08-25 09:28:11,306 - INFO - [DATA] Status: 11 processed, 9 failed files
2025-08-25 09:28:21,307 - INFO - [DATA] Status: 11 processed, 9 failed files
2025-08-25 09:28:31,310 - INFO - [DATA] Status: 11 processed, 9 failed files
2025-08-25 09:28:41,311 - INFO - [DATA] Status: 11 processed, 9 failed files
2025-08-25 09:28:51,313 - INFO - [DATA] Status: 11 processed, 9 failed files
2025-08-25 09:29:01,315 - INFO - [DATA] Status: 11 processed, 9 failed files
2025-08-25 09:29:11,316 - INFO - [DATA] Status: 11 processed, 9 failed files
2025-08-25 09:29:21,319 - INFO - [DATA] Status: 11 processed, 9 failed files
2025-08-25 09:29:31,323 - INFO - [DATA] Status: 11 processed, 9 failed files
2025-08-25 09:29:41,325 - INFO - [DATA] Status: 11 processed, 9 failed files
2025-08-25 09:29:51,327 - INFO - [DATA] Status: 11 processed, 9 failed files
2025-08-25 09:30:01,331 - INFO - [DATA] Status: 11 processed, 9 failed files
2025-08-25 09:30:11,333 - INFO - [DATA] Status: 11 processed, 9 failed files
2025-08-25 09:30:21,335 - INFO - [DATA] Status: 11 processed, 9 failed files
2025-08-25 09:30:31,339 - INFO - [DATA] Status: 11 processed, 9 failed files
2025-08-25 09:30:41,343 - INFO - [DATA] Status: 11 processed, 9 failed files
2025-08-25 09:30:51,346 - INFO - [DATA] Status: 11 processed, 9 failed files
2025-08-25 09:31:01,348 - INFO - [DATA] Status: 11 processed, 9 failed files
2025-08-25 09:31:11,349 - INFO - [DATA] Status: 11 processed, 9 failed files
2025-08-25 09:31:21,351 - INFO - [DATA] Status: 11 processed, 9 failed files
2025-08-25 09:31:31,352 - INFO - [DATA] Status: 11 processed, 9 failed files
2025-08-25 09:31:41,355 - INFO - [DATA] Status: 11 processed, 9 failed files
2025-08-25 09:31:51,356 - INFO - [DATA] Status: 11 processed, 9 failed files
2025-08-25 09:32:01,359 - INFO - [DATA] Status: 11 processed, 9 failed files
2025-08-25 09:32:11,364 - INFO - [DATA] Status: 11 processed, 9 failed files
2025-08-25 09:32:21,366 - INFO - [DATA] Status: 11 processed, 9 failed files
2025-08-25 09:32:31,368 - INFO - [DATA] Status: 11 processed, 9 failed files
2025-08-25 09:32:41,371 - INFO - [DATA] Status: 11 processed, 9 failed files
2025-08-25 09:32:51,373 - INFO - [DATA] Status: 11 processed, 9 failed files
2025-08-25 09:33:01,374 - INFO - [DATA] Status: 11 processed, 9 failed files
2025-08-25 09:33:11,377 - INFO - [DATA] Status: 11 processed, 9 failed files
2025-08-25 09:33:21,378 - INFO - [DATA] Status: 11 processed, 9 failed files
2025-08-25 09:33:31,380 - INFO - [DATA] Status: 11 processed, 9 failed files
2025-08-25 09:33:41,383 - INFO - [DATA] Status: 11 processed, 9 failed files
2025-08-25 09:33:51,384 - INFO - [DATA] Status: 11 processed, 9 failed files
2025-08-25 09:34:01,386 - INFO - [DATA] Status: 11 processed, 9 failed files
2025-08-25 09:34:11,388 - INFO - [DATA] Status: 11 processed, 9 failed files
2025-08-25 09:34:21,390 - INFO - [DATA] Status: 11 processed, 9 failed files
2025-08-25 09:34:31,392 - INFO - [DATA] Status: 11 processed, 9 failed files
2025-08-25 09:34:41,394 - INFO - [DATA] Status: 11 processed, 9 failed files
2025-08-25 09:34:51,396 - INFO - [DATA] Status: 11 processed, 9 failed files
2025-08-25 09:35:01,398 - INFO - [DATA] Status: 11 processed, 9 failed files
2025-08-25 09:35:11,401 - INFO - [DATA] Status: 11 processed, 9 failed files
2025-08-25 09:35:21,403 - INFO - [DATA] Status: 11 processed, 9 failed files
2025-08-25 09:35:31,406 - INFO - [DATA] Status: 11 processed, 9 failed files
2025-08-25 09:35:41,408 - INFO - [DATA] Status: 11 processed, 9 failed files
2025-08-25 09:35:51,410 - INFO - [DATA] Status: 11 processed, 9 failed files
2025-08-25 09:36:01,413 - INFO - [DATA] Status: 11 processed, 9 failed files
2025-08-25 09:36:11,418 - INFO - [DATA] Status: 11 processed, 9 failed files
2025-08-25 09:36:21,419 - INFO - [DATA] Status: 11 processed, 9 failed files
2025-08-25 09:36:31,421 - INFO - [DATA] Status: 11 processed, 9 failed files
2025-08-25 09:36:41,424 - INFO - [DATA] Status: 11 processed, 9 failed files
2025-08-25 09:36:51,426 - INFO - [DATA] Status: 11 processed, 9 failed files
2025-08-25 09:37:01,427 - INFO - [DATA] Status: 11 processed, 9 failed files
2025-08-25 09:37:11,428 - INFO - [DATA] Status: 11 processed, 9 failed files
2025-08-25 09:37:21,432 - INFO - [DATA] Status: 11 processed, 9 failed files
2025-08-25 09:37:31,435 - INFO - [DATA] Status: 11 processed, 9 failed files
2025-08-25 09:37:41,438 - INFO - [DATA] Status: 11 processed, 9 failed files
2025-08-25 09:37:51,439 - INFO - [DATA] Status: 11 processed, 9 failed files
2025-08-25 09:38:01,443 - INFO - [DATA] Status: 11 processed, 9 failed files
2025-08-25 09:38:11,445 - INFO - [DATA] Status: 11 processed, 9 failed files
2025-08-25 09:38:21,447 - INFO - [DATA] Status: 11 processed, 9 failed files
2025-08-25 09:38:31,449 - INFO - [DATA] Status: 11 processed, 9 failed files
2025-08-25 09:38:41,450 - INFO - [DATA] Status: 11 processed, 9 failed files
2025-08-25 09:38:51,453 - INFO - [DATA] Status: 11 processed, 9 failed files
2025-08-25 09:39:01,455 - INFO - [DATA] Status: 11 processed, 9 failed files
2025-08-25 09:39:11,457 - INFO - [DATA] Status: 11 processed, 9 failed files
2025-08-25 09:39:21,459 - INFO - [DATA] Status: 11 processed, 9 failed files
2025-08-25 09:39:31,462 - INFO - [DATA] Status: 11 processed, 9 failed files
2025-08-25 09:39:41,468 - INFO - [DATA] Status: 11 processed, 9 failed files
2025-08-25 09:39:51,470 - INFO - [DATA] Status: 11 processed, 9 failed files
2025-08-25 09:40:01,473 - INFO - [DATA] Status: 11 processed, 9 failed files
2025-08-25 09:40:11,474 - INFO - [DATA] Status: 11 processed, 9 failed files
2025-08-25 09:40:21,476 - INFO - [DATA] Status: 11 processed, 9 failed files
2025-08-25 09:40:31,478 - INFO - [DATA] Status: 11 processed, 9 failed files
2025-08-25 09:40:41,480 - INFO - [DATA] Status: 11 processed, 9 failed files
2025-08-25 09:40:51,481 - INFO - [DATA] Status: 11 processed, 9 failed files
2025-08-25 09:41:01,484 - INFO - [DATA] Status: 11 processed, 9 failed files
2025-08-25 09:41:11,492 - INFO - [DATA] Status: 11 processed, 9 failed files
2025-08-25 09:41:21,495 - INFO - [DATA] Status: 11 processed, 9 failed files
2025-08-25 09:41:31,500 - INFO - [DATA] Status: 11 processed, 9 failed files
2025-08-25 09:41:41,502 - INFO - [DATA] Status: 11 processed, 9 failed files
2025-08-25 09:41:51,505 - INFO - [DATA] Status: 11 processed, 9 failed files
2025-08-25 09:42:01,511 - INFO - [DATA] Status: 11 processed, 9 failed files
2025-08-25 09:42:11,513 - INFO - [DATA] Status: 11 processed, 9 failed files
2025-08-25 09:42:21,514 - INFO - [DATA] Status: 11 processed, 9 failed files
2025-08-25 09:42:31,518 - INFO - [DATA] Status: 11 processed, 9 failed files
2025-08-25 09:42:41,520 - INFO - [DATA] Status: 11 processed, 9 failed files
2025-08-25 09:42:51,523 - INFO - [DATA] Status: 11 processed, 9 failed files
2025-08-25 09:43:01,524 - INFO - [DATA] Status: 11 processed, 9 failed files
2025-08-25 09:43:11,525 - INFO - [DATA] Status: 11 processed, 9 failed files
2025-08-25 09:43:21,528 - INFO - [DATA] Status: 11 processed, 9 failed files
2025-08-25 09:43:31,530 - INFO - [DATA] Status: 11 processed, 9 failed files
2025-08-25 09:43:41,536 - INFO - [DATA] Status: 11 processed, 9 failed files
2025-08-25 09:43:51,539 - INFO - [DATA] Status: 11 processed, 9 failed files
2025-08-25 09:44:01,541 - INFO - [DATA] Status: 11 processed, 9 failed files
2025-08-25 09:44:11,544 - INFO - [DATA] Status: 11 processed, 9 failed files
2025-08-25 09:44:21,546 - INFO - [DATA] Status: 11 processed, 9 failed files
2025-08-25 09:44:31,549 - INFO - [DATA] Status: 11 processed, 9 failed files
2025-08-25 09:44:41,551 - INFO - [DATA] Status: 11 processed, 9 failed files
2025-08-25 09:44:51,552 - INFO - [DATA] Status: 11 processed, 9 failed files
2025-08-25 09:45:01,553 - INFO - [DATA] Status: 11 processed, 9 failed files
2025-08-25 09:45:11,556 - INFO - [DATA] Status: 11 processed, 9 failed files
2025-08-25 09:45:21,558 - INFO - [DATA] Status: 11 processed, 9 failed files
2025-08-25 09:45:31,562 - INFO - [DATA] Status: 11 processed, 9 failed files
2025-08-25 09:45:41,563 - INFO - [DATA] Status: 11 processed, 9 failed files
2025-08-25 09:45:51,567 - INFO - [DATA] Status: 11 processed, 9 failed files
2025-08-25 09:46:01,569 - INFO - [DATA] Status: 11 processed, 9 failed files
2025-08-25 09:46:11,570 - INFO - [DATA] Status: 11 processed, 9 failed files
2025-08-25 09:46:21,572 - INFO - [DATA] Status: 11 processed, 9 failed files
2025-08-25 09:46:31,574 - INFO - [DATA] Status: 11 processed, 9 failed files
2025-08-25 09:46:41,575 - INFO - [DATA] Status: 11 processed, 9 failed files
2025-08-25 09:46:51,578 - INFO - [DATA] Status: 11 processed, 9 failed files
2025-08-25 09:47:01,581 - INFO - [DATA] Status: 11 processed, 9 failed files
2025-08-25 09:47:11,584 - INFO - [DATA] Status: 11 processed, 9 failed files
2025-08-25 09:47:21,585 - INFO - [DATA] Status: 11 processed, 9 failed files
2025-08-25 09:47:31,588 - INFO - [DATA] Status: 11 processed, 9 failed files
2025-08-25 09:47:41,592 - INFO - [DATA] Status: 11 processed, 9 failed files
2025-08-25 09:47:51,594 - INFO - [DATA] Status: 11 processed, 9 failed files
2025-08-25 09:48:01,596 - INFO - [DATA] Status: 11 processed, 9 failed files
2025-08-25 09:48:11,598 - INFO - [DATA] Status: 11 processed, 9 failed files
2025-08-25 09:48:21,601 - INFO - [DATA] Status: 11 processed, 9 failed files
2025-08-25 09:48:31,602 - INFO - [DATA] Status: 11 processed, 9 failed files
2025-08-25 09:48:41,605 - INFO - [DATA] Status: 11 processed, 9 failed files
2025-08-25 09:48:51,609 - INFO - [DATA] Status: 11 processed, 9 failed files
2025-08-25 09:49:01,612 - INFO - [DATA] Status: 11 processed, 9 failed files
2025-08-25 09:49:11,634 - INFO - [DATA] Status: 11 processed, 9 failed files
2025-08-25 09:49:21,635 - INFO - [DATA] Status: 11 processed, 9 failed files
2025-08-25 09:49:31,638 - INFO - [DATA] Status: 11 processed, 9 failed files
2025-08-25 09:49:41,640 - INFO - [DATA] Status: 11 processed, 9 failed files
2025-08-25 09:49:51,642 - INFO - [DATA] Status: 11 processed, 9 failed files
2025-08-25 09:50:01,644 - INFO - [DATA] Status: 11 processed, 9 failed files
2025-08-25 09:50:11,645 - INFO - [DATA] Status: 11 processed, 9 failed files
2025-08-25 09:50:21,647 - INFO - [DATA] Status: 11 processed, 9 failed files
2025-08-25 09:50:31,648 - INFO - [DATA] Status: 11 processed, 9 failed files
2025-08-25 09:50:41,650 - INFO - [DATA] Status: 11 processed, 9 failed files
2025-08-25 09:50:51,652 - INFO - [DATA] Status: 11 processed, 9 failed files
2025-08-25 09:51:01,655 - INFO - [DATA] Status: 11 processed, 9 failed files
2025-08-25 09:51:11,656 - INFO - [DATA] Status: 11 processed, 9 failed files
2025-08-25 09:51:21,658 - INFO - [DATA] Status: 11 processed, 9 failed files
2025-08-25 09:51:31,659 - INFO - [DATA] Status: 11 processed, 9 failed files
2025-08-25 09:51:41,660 - INFO - [DATA] Status: 11 processed, 9 failed files
2025-08-25 09:51:51,662 - INFO - [DATA] Status: 11 processed, 9 failed files
2025-08-25 09:52:01,664 - INFO - [DATA] Status: 11 processed, 9 failed files
2025-08-25 09:52:11,666 - INFO - [DATA] Status: 11 processed, 9 failed files
2025-08-25 09:52:21,669 - INFO - [DATA] Status: 11 processed, 9 failed files
2025-08-25 09:52:31,670 - INFO - [DATA] Status: 11 processed, 9 failed files
2025-08-25 09:52:41,672 - INFO - [DATA] Status: 11 processed, 9 failed files
2025-08-25 09:52:51,674 - INFO - [DATA] Status: 11 processed, 9 failed files
2025-08-25 09:53:01,675 - INFO - [DATA] Status: 11 processed, 9 failed files
2025-08-25 09:53:11,679 - INFO - [DATA] Status: 11 processed, 9 failed files
2025-08-25 09:53:21,681 - INFO - [DATA] Status: 11 processed, 9 failed files
2025-08-25 09:53:31,683 - INFO - [DATA] Status: 11 processed, 9 failed files
2025-08-25 09:53:41,684 - INFO - [DATA] Status: 11 processed, 9 failed files
2025-08-25 09:53:51,687 - INFO - [DATA] Status: 11 processed, 9 failed files
2025-08-25 09:54:01,690 - INFO - [DATA] Status: 11 processed, 9 failed files
2025-08-25 09:54:11,691 - INFO - [DATA] Status: 11 processed, 9 failed files
2025-08-25 09:54:21,694 - INFO - [DATA] Status: 11 processed, 9 failed files
2025-08-25 09:54:31,695 - INFO - [DATA] Status: 11 processed, 9 failed files
2025-08-25 09:54:41,697 - INFO - [DATA] Status: 11 processed, 9 failed files
2025-08-25 09:54:51,698 - INFO - [DATA] Status: 11 processed, 9 failed files
2025-08-25 09:55:01,700 - INFO - [DATA] Status: 11 processed, 9 failed files
2025-08-25 09:55:11,702 - INFO - [DATA] Status: 11 processed, 9 failed files
2025-08-25 09:55:21,703 - INFO - [DATA] Status: 11 processed, 9 failed files
2025-08-25 09:55:31,706 - INFO - [DATA] Status: 11 processed, 9 failed files
2025-08-25 09:55:41,709 - INFO - [DATA] Status: 11 processed, 9 failed files
2025-08-25 09:55:51,709 - INFO - [DATA] Status: 11 processed, 9 failed files
2025-08-25 09:56:01,712 - INFO - [DATA] Status: 11 processed, 9 failed files
2025-08-25 09:56:11,715 - INFO - [DATA] Status: 11 processed, 9 failed files
2025-08-25 09:56:21,717 - INFO - [DATA] Status: 11 processed, 9 failed files
2025-08-25 09:56:31,720 - INFO - [DATA] Status: 11 processed, 9 failed files
2025-08-25 09:56:41,723 - INFO - [DATA] Status: 11 processed, 9 failed files
2025-08-25 09:56:51,725 - INFO - [DATA] Status: 11 processed, 9 failed files
2025-08-25 09:57:01,728 - INFO - [DATA] Status: 11 processed, 9 failed files
2025-08-25 09:57:11,729 - INFO - [DATA] Status: 11 processed, 9 failed files
2025-08-25 09:57:21,730 - INFO - [DATA] Status: 11 processed, 9 failed files
2025-08-25 09:57:31,733 - INFO - [DATA] Status: 11 processed, 9 failed files
2025-08-25 09:57:41,737 - INFO - [DATA] Status: 11 processed, 9 failed files
2025-08-25 09:57:51,738 - INFO - [DATA] Status: 11 processed, 9 failed files
2025-08-25 09:58:01,740 - INFO - [DATA] Status: 11 processed, 9 failed files
2025-08-25 09:58:11,742 - INFO - [DATA] Status: 11 processed, 9 failed files
2025-08-25 09:58:21,743 - INFO - [DATA] Status: 11 processed, 9 failed files
2025-08-25 09:58:31,746 - INFO - [DATA] Status: 11 processed, 9 failed files
2025-08-25 09:58:41,755 - INFO - [DATA] Status: 11 processed, 9 failed files
2025-08-25 09:58:51,757 - INFO - [DATA] Status: 11 processed, 9 failed files
2025-08-25 09:59:01,759 - INFO - [DATA] Status: 11 processed, 9 failed files
2025-08-25 09:59:11,760 - INFO - [DATA] Status: 11 processed, 9 failed files
2025-08-25 09:59:21,762 - INFO - [DATA] Status: 11 processed, 9 failed files
2025-08-25 09:59:31,764 - INFO - [DATA] Status: 11 processed, 9 failed files
2025-08-25 09:59:41,765 - INFO - [DATA] Status: 11 processed, 9 failed files
2025-08-25 09:59:51,768 - INFO - [DATA] Status: 11 processed, 9 failed files
2025-08-25 10:00:01,771 - INFO - [DATA] Status: 11 processed, 9 failed files
2025-08-25 10:00:11,772 - INFO - [DATA] Status: 11 processed, 9 failed files
2025-08-25 10:00:21,774 - INFO - [DATA] Status: 11 processed, 9 failed files
2025-08-25 10:00:31,778 - INFO - [DATA] Status: 11 processed, 9 failed files
2025-08-25 10:00:41,779 - INFO - [DATA] Status: 11 processed, 9 failed files
2025-08-25 10:00:51,782 - INFO - [DATA] Status: 11 processed, 9 failed files
2025-08-25 10:01:01,784 - INFO - [DATA] Status: 11 processed, 9 failed files
2025-08-25 10:01:11,786 - INFO - [DATA] Status: 11 processed, 9 failed files
2025-08-25 10:01:21,788 - INFO - [DATA] Status: 11 processed, 9 failed files
2025-08-25 10:01:31,792 - INFO - [DATA] Status: 11 processed, 9 failed files
2025-08-25 10:01:41,795 - INFO - [DATA] Status: 11 processed, 9 failed files
2025-08-25 10:01:51,798 - INFO - [DATA] Status: 11 processed, 9 failed files
2025-08-25 10:02:01,799 - INFO - [DATA] Status: 11 processed, 9 failed files
2025-08-25 10:02:11,802 - INFO - [DATA] Status: 11 processed, 9 failed files
2025-08-25 10:02:21,805 - INFO - [DATA] Status: 11 processed, 9 failed files
2025-08-25 10:02:31,806 - INFO - [DATA] Status: 11 processed, 9 failed files
2025-08-25 10:02:41,808 - INFO - [DATA] Status: 11 processed, 9 failed files
2025-08-25 10:02:51,810 - INFO - [DATA] Status: 11 processed, 9 failed files
2025-08-25 10:03:01,811 - INFO - [DATA] Status: 11 processed, 9 failed files
2025-08-25 10:03:11,813 - INFO - [DATA] Status: 11 processed, 9 failed files
2025-08-25 10:03:21,816 - INFO - [DATA] Status: 11 processed, 9 failed files
2025-08-25 10:03:31,818 - INFO - [DATA] Status: 11 processed, 9 failed files
2025-08-25 10:03:41,819 - INFO - [DATA] Status: 11 processed, 9 failed files
2025-08-25 10:03:51,822 - INFO - [DATA] Status: 11 processed, 9 failed files
2025-08-25 10:04:01,827 - INFO - [DATA] Status: 11 processed, 9 failed files
2025-08-25 10:04:11,831 - INFO - [DATA] Status: 11 processed, 9 failed files
2025-08-25 10:04:21,832 - INFO - [DATA] Status: 11 processed, 9 failed files
2025-08-25 10:04:31,834 - INFO - [DATA] Status: 11 processed, 9 failed files
2025-08-25 10:04:41,837 - INFO - [DATA] Status: 11 processed, 9 failed files
2025-08-25 10:04:51,845 - INFO - [DATA] Status: 11 processed, 9 failed files
2025-08-25 10:05:01,847 - INFO - [DATA] Status: 11 processed, 9 failed files
2025-08-25 10:05:11,850 - INFO - [DATA] Status: 11 processed, 9 failed files
2025-08-25 10:05:21,853 - INFO - [DATA] Status: 11 processed, 9 failed files
2025-08-25 10:05:31,858 - INFO - [DATA] Status: 11 processed, 9 failed files
2025-08-25 10:05:41,860 - INFO - [DATA] Status: 11 processed, 9 failed files
2025-08-25 10:05:51,862 - INFO - [DATA] Status: 11 processed, 9 failed files
2025-08-25 10:06:01,864 - INFO - [DATA] Status: 11 processed, 9 failed files
2025-08-25 10:06:11,865 - INFO - [DATA] Status: 11 processed, 9 failed files
2025-08-25 10:06:21,867 - INFO - [DATA] Status: 11 processed, 9 failed files
2025-08-25 10:06:31,870 - INFO - [DATA] Status: 11 processed, 9 failed files
2025-08-25 10:06:41,873 - INFO - [DATA] Status: 11 processed, 9 failed files
2025-08-25 10:06:51,875 - INFO - [DATA] Status: 11 processed, 9 failed files
2025-08-25 10:07:01,876 - INFO - [DATA] Status: 11 processed, 9 failed files
2025-08-25 10:07:11,879 - INFO - [DATA] Status: 11 processed, 9 failed files
2025-08-25 10:07:21,881 - INFO - [DATA] Status: 11 processed, 9 failed files
2025-08-25 10:07:31,885 - INFO - [DATA] Status: 11 processed, 9 failed files
2025-08-25 10:07:41,887 - INFO - [DATA] Status: 11 processed, 9 failed files
2025-08-25 10:07:51,890 - INFO - [DATA] Status: 11 processed, 9 failed files
2025-08-25 10:08:01,892 - INFO - [DATA] Status: 11 processed, 9 failed files
2025-08-25 10:08:11,894 - INFO - [DATA] Status: 11 processed, 9 failed files
2025-08-25 10:08:21,896 - INFO - [DATA] Status: 11 processed, 9 failed files
2025-08-25 10:08:31,898 - INFO - [DATA] Status: 11 processed, 9 failed files
2025-08-25 10:08:41,899 - INFO - [DATA] Status: 11 processed, 9 failed files
2025-08-25 10:08:51,901 - INFO - [DATA] Status: 11 processed, 9 failed files
2025-08-25 10:09:01,903 - INFO - [DATA] Status: 11 processed, 9 failed files
2025-08-25 10:09:11,908 - INFO - [DATA] Status: 11 processed, 9 failed files
2025-08-25 10:09:21,909 - INFO - [DATA] Status: 11 processed, 9 failed files
2025-08-25 10:09:31,911 - INFO - [DATA] Status: 11 processed, 9 failed files
2025-08-25 10:09:41,913 - INFO - [DATA] Status: 11 processed, 9 failed files
2025-08-25 10:09:51,914 - INFO - [DATA] Status: 11 processed, 9 failed files
2025-08-25 10:10:01,918 - INFO - [DATA] Status: 11 processed, 9 failed files
2025-08-25 10:10:11,920 - INFO - [DATA] Status: 11 processed, 9 failed files
2025-08-25 10:10:21,924 - INFO - [DATA] Status: 11 processed, 9 failed files
2025-08-25 10:10:31,927 - INFO - [DATA] Status: 11 processed, 9 failed files
2025-08-25 10:10:41,930 - INFO - [DATA] Status: 11 processed, 9 failed files
2025-08-25 10:10:51,930 - INFO - [DATA] Status: 11 processed, 9 failed files
2025-08-25 10:11:01,932 - INFO - [DATA] Status: 11 processed, 9 failed files
2025-08-25 10:11:11,934 - INFO - [DATA] Status: 11 processed, 9 failed files
2025-08-25 10:11:21,935 - INFO - [DATA] Status: 11 processed, 9 failed files
2025-08-25 10:11:31,938 - INFO - [DATA] Status: 11 processed, 9 failed files
2025-08-25 10:11:41,940 - INFO - [DATA] Status: 11 processed, 9 failed files
2025-08-25 10:11:51,943 - INFO - [DATA] Status: 11 processed, 9 failed files
2025-08-25 10:12:01,945 - INFO - [DATA] Status: 11 processed, 9 failed files
2025-08-25 10:12:11,948 - INFO - [DATA] Status: 11 processed, 9 failed files
2025-08-25 10:12:21,949 - INFO - [DATA] Status: 11 processed, 9 failed files
2025-08-25 10:12:31,950 - INFO - [DATA] Status: 11 processed, 9 failed files
2025-08-25 10:12:41,953 - INFO - [DATA] Status: 11 processed, 9 failed files
2025-08-25 10:12:51,954 - INFO - [DATA] Status: 11 processed, 9 failed files
2025-08-25 10:13:01,956 - INFO - [DATA] Status: 11 processed, 9 failed files
2025-08-25 10:13:11,959 - INFO - [DATA] Status: 11 processed, 9 failed files
2025-08-25 10:13:21,962 - INFO - [DATA] Status: 11 processed, 9 failed files
2025-08-25 10:13:31,965 - INFO - [DATA] Status: 11 processed, 9 failed files
2025-08-25 10:13:41,967 - INFO - [DATA] Status: 11 processed, 9 failed files
2025-08-25 10:13:51,969 - INFO - [DATA] Status: 11 processed, 9 failed files
2025-08-25 10:14:01,971 - INFO - [DATA] Status: 11 processed, 9 failed files
2025-08-25 10:14:11,973 - INFO - [DATA] Status: 11 processed, 9 failed files
2025-08-25 10:14:21,976 - INFO - [DATA] Status: 11 processed, 9 failed files
2025-08-25 10:14:31,979 - INFO - [DATA] Status: 11 processed, 9 failed files
2025-08-25 10:14:41,982 - INFO - [DATA] Status: 11 processed, 9 failed files
2025-08-25 10:14:51,984 - INFO - [DATA] Status: 11 processed, 9 failed files
2025-08-25 10:15:01,985 - INFO - [DATA] Status: 11 processed, 9 failed files
2025-08-25 10:15:11,987 - INFO - [DATA] Status: 11 processed, 9 failed files
2025-08-25 10:15:21,990 - INFO - [DATA] Status: 11 processed, 9 failed files
2025-08-25 10:15:31,991 - INFO - [DATA] Status: 11 processed, 9 failed files
2025-08-25 10:15:41,992 - INFO - [DATA] Status: 11 processed, 9 failed files
2025-08-25 10:15:51,994 - INFO - [DATA] Status: 11 processed, 9 failed files
2025-08-25 10:16:01,995 - INFO - [DATA] Status: 11 processed, 9 failed files
2025-08-25 10:16:11,996 - INFO - [DATA] Status: 11 processed, 9 failed files
2025-08-25 10:16:21,998 - INFO - [DATA] Status: 11 processed, 9 failed files
2025-08-25 10:16:32,000 - INFO - [DATA] Status: 11 processed, 9 failed files
2025-08-25 10:16:42,002 - INFO - [DATA] Status: 11 processed, 9 failed files
2025-08-25 10:16:52,004 - INFO - [DATA] Status: 11 processed, 9 failed files
2025-08-25 10:17:02,008 - INFO - [DATA] Status: 11 processed, 9 failed files
2025-08-25 10:17:12,011 - INFO - [DATA] Status: 11 processed, 9 failed files
2025-08-25 10:17:22,013 - INFO - [DATA] Status: 11 processed, 9 failed files
2025-08-25 10:17:32,014 - INFO - [DATA] Status: 11 processed, 9 failed files
2025-08-25 10:17:42,017 - INFO - [DATA] Status: 11 processed, 9 failed files
2025-08-25 10:17:52,018 - INFO - [DATA] Status: 11 processed, 9 failed files
2025-08-25 10:18:02,021 - INFO - [DATA] Status: 11 processed, 9 failed files
2025-08-25 10:18:12,023 - INFO - [DATA] Status: 11 processed, 9 failed files
2025-08-25 10:18:22,026 - INFO - [DATA] Status: 11 processed, 9 failed files
2025-08-25 10:18:32,028 - INFO - [DATA] Status: 11 processed, 9 failed files
2025-08-25 10:18:42,029 - INFO - [DATA] Status: 11 processed, 9 failed files
2025-08-25 10:18:52,033 - INFO - [DATA] Status: 11 processed, 9 failed files
2025-08-25 10:19:02,035 - INFO - [DATA] Status: 11 processed, 9 failed files
2025-08-25 10:19:12,037 - INFO - [DATA] Status: 11 processed, 9 failed files
2025-08-25 10:19:22,038 - INFO - [DATA] Status: 11 processed, 9 failed files
2025-08-25 10:19:32,041 - INFO - [DATA] Status: 11 processed, 9 failed files
2025-08-25 10:19:42,041 - INFO - [DATA] Status: 11 processed, 9 failed files
2025-08-25 10:19:52,043 - INFO - [DATA] Status: 11 processed, 9 failed files
2025-08-25 10:20:02,046 - INFO - [DATA] Status: 11 processed, 9 failed files
2025-08-25 10:20:12,048 - INFO - [DATA] Status: 11 processed, 9 failed files
2025-08-25 10:20:22,053 - INFO - [DATA] Status: 11 processed, 9 failed files
2025-08-25 10:20:32,055 - INFO - [DATA] Status: 11 processed, 9 failed files
2025-08-25 10:20:42,057 - INFO - [DATA] Status: 11 processed, 9 failed files
2025-08-25 10:20:52,058 - INFO - [DATA] Status: 11 processed, 9 failed files
2025-08-25 10:21:02,060 - INFO - [DATA] Status: 11 processed, 9 failed files
2025-08-25 10:21:12,063 - INFO - [DATA] Status: 11 processed, 9 failed files
2025-08-25 10:21:22,065 - INFO - [DATA] Status: 11 processed, 9 failed files
2025-08-25 10:21:32,066 - INFO - [DATA] Status: 11 processed, 9 failed files
2025-08-25 10:21:42,068 - INFO - [DATA] Status: 11 processed, 9 failed files
2025-08-25 10:21:52,069 - INFO - [DATA] Status: 11 processed, 9 failed files
2025-08-25 10:22:02,071 - INFO - [DATA] Status: 11 processed, 9 failed files
2025-08-25 10:22:12,072 - INFO - [DATA] Status: 11 processed, 9 failed files
2025-08-25 10:22:22,074 - INFO - [DATA] Status: 11 processed, 9 failed files
2025-08-25 10:22:32,075 - INFO - [DATA] Status: 11 processed, 9 failed files
2025-08-25 10:22:42,078 - INFO - [DATA] Status: 11 processed, 9 failed files
2025-08-25 10:22:52,079 - INFO - [DATA] Status: 11 processed, 9 failed files
2025-08-25 10:23:02,081 - INFO - [DATA] Status: 11 processed, 9 failed files
2025-08-25 10:23:12,083 - INFO - [DATA] Status: 11 processed, 9 failed files
2025-08-25 10:23:22,087 - INFO - [DATA] Status: 11 processed, 9 failed files
2025-08-25 10:23:32,088 - INFO - [DATA] Status: 11 processed, 9 failed files
2025-08-25 10:23:42,091 - INFO - [DATA] Status: 11 processed, 9 failed files
2025-08-25 10:23:52,093 - INFO - [DATA] Status: 11 processed, 9 failed files
2025-08-25 10:24:02,095 - INFO - [DATA] Status: 11 processed, 9 failed files
2025-08-25 10:24:12,097 - INFO - [DATA] Status: 11 processed, 9 failed files
2025-08-25 10:24:22,099 - INFO - [DATA] Status: 11 processed, 9 failed files
2025-08-25 10:24:32,100 - INFO - [DATA] Status: 11 processed, 9 failed files
2025-08-25 10:24:42,101 - INFO - [DATA] Status: 11 processed, 9 failed files
2025-08-25 10:24:52,105 - INFO - [DATA] Status: 11 processed, 9 failed files
2025-08-25 10:25:02,109 - INFO - [DATA] Status: 11 processed, 9 failed files
2025-08-25 10:25:12,111 - INFO - [DATA] Status: 11 processed, 9 failed files
2025-08-25 10:25:22,112 - INFO - [DATA] Status: 11 processed, 9 failed files
2025-08-25 10:25:32,113 - INFO - [DATA] Status: 11 processed, 9 failed files
2025-08-25 10:25:42,115 - INFO - [DATA] Status: 11 processed, 9 failed files
2025-08-25 10:25:52,117 - INFO - [DATA] Status: 11 processed, 9 failed files
2025-08-25 10:26:02,120 - INFO - [DATA] Status: 11 processed, 9 failed files
2025-08-25 10:26:12,121 - INFO - [DATA] Status: 11 processed, 9 failed files
2025-08-25 10:26:22,123 - INFO - [DATA] Status: 11 processed, 9 failed files
2025-08-25 10:26:32,126 - INFO - [DATA] Status: 11 processed, 9 failed files
2025-08-25 10:26:42,128 - INFO - [DATA] Status: 11 processed, 9 failed files
2025-08-25 10:26:52,129 - INFO - [DATA] Status: 11 processed, 9 failed files
2025-08-25 10:27:02,130 - INFO - [DATA] Status: 11 processed, 9 failed files
2025-08-25 10:27:12,132 - INFO - [DATA] Status: 11 processed, 9 failed files
2025-08-25 10:27:22,134 - INFO - [DATA] Status: 11 processed, 9 failed files
2025-08-25 10:27:32,136 - INFO - [DATA] Status: 11 processed, 9 failed files
2025-08-25 10:27:42,139 - INFO - [DATA] Status: 11 processed, 9 failed files
2025-08-25 10:27:52,140 - INFO - [DATA] Status: 11 processed, 9 failed files
2025-08-25 10:28:02,142 - INFO - [DATA] Status: 11 processed, 9 failed files
2025-08-25 10:28:12,143 - INFO - [DATA] Status: 11 processed, 9 failed files
2025-08-25 10:28:22,145 - INFO - [DATA] Status: 11 processed, 9 failed files
2025-08-25 10:28:32,147 - INFO - [DATA] Status: 11 processed, 9 failed files
2025-08-25 10:28:42,149 - INFO - [DATA] Status: 11 processed, 9 failed files
2025-08-25 10:28:52,152 - INFO - [DATA] Status: 11 processed, 9 failed files
2025-08-25 10:29:02,154 - INFO - [DATA] Status: 11 processed, 9 failed files
2025-08-25 10:29:12,156 - INFO - [DATA] Status: 11 processed, 9 failed files
2025-08-25 10:29:22,158 - INFO - [DATA] Status: 11 processed, 9 failed files
2025-08-25 10:29:32,159 - INFO - [DATA] Status: 11 processed, 9 failed files
2025-08-25 10:29:42,161 - INFO - [DATA] Status: 11 processed, 9 failed files
2025-08-25 10:29:52,162 - INFO - [DATA] Status: 11 processed, 9 failed files
2025-08-25 10:30:02,166 - INFO - [DATA] Status: 11 processed, 9 failed files
2025-08-25 10:30:12,168 - INFO - [DATA] Status: 11 processed, 9 failed files
2025-08-25 10:30:22,170 - INFO - [DATA] Status: 11 processed, 9 failed files
2025-08-25 10:30:32,172 - INFO - [DATA] Status: 11 processed, 9 failed files
2025-08-25 10:30:42,174 - INFO - [DATA] Status: 11 processed, 9 failed files
2025-08-25 10:30:52,175 - INFO - [DATA] Status: 11 processed, 9 failed files
2025-08-25 10:31:02,177 - INFO - [DATA] Status: 11 processed, 9 failed files
2025-08-25 10:31:12,179 - INFO - [DATA] Status: 11 processed, 9 failed files
2025-08-25 10:31:22,182 - INFO - [DATA] Status: 11 processed, 9 failed files
2025-08-25 10:31:32,185 - INFO - [DATA] Status: 11 processed, 9 failed files
2025-08-25 10:31:42,186 - INFO - [DATA] Status: 11 processed, 9 failed files
2025-08-25 10:31:52,194 - INFO - [DATA] Status: 11 processed, 9 failed files
2025-08-25 10:32:02,196 - INFO - [DATA] Status: 11 processed, 9 failed files
2025-08-25 10:32:12,198 - INFO - [DATA] Status: 11 processed, 9 failed files
2025-08-25 10:32:22,200 - INFO - [DATA] Status: 11 processed, 9 failed files
2025-08-25 10:32:32,202 - INFO - [DATA] Status: 11 processed, 9 failed files
2025-08-25 10:32:42,206 - INFO - [DATA] Status: 11 processed, 9 failed files
2025-08-25 10:32:52,209 - INFO - [DATA] Status: 11 processed, 9 failed files
2025-08-25 10:33:02,211 - INFO - [DATA] Status: 11 processed, 9 failed files
2025-08-25 10:33:12,214 - INFO - [DATA] Status: 11 processed, 9 failed files
2025-08-25 10:33:22,215 - INFO - [DATA] Status: 11 processed, 9 failed files
2025-08-25 10:33:32,218 - INFO - [DATA] Status: 11 processed, 9 failed files
2025-08-25 10:33:42,220 - INFO - [DATA] Status: 11 processed, 9 failed files
2025-08-25 10:33:52,222 - INFO - [DATA] Status: 11 processed, 9 failed files
2025-08-25 10:34:02,224 - INFO - [DATA] Status: 11 processed, 9 failed files
2025-08-25 10:34:12,225 - INFO - [DATA] Status: 11 processed, 9 failed files
2025-08-25 10:34:22,228 - INFO - [DATA] Status: 11 processed, 9 failed files
2025-08-25 10:34:32,230 - INFO - [DATA] Status: 11 processed, 9 failed files
2025-08-25 10:34:42,233 - INFO - [DATA] Status: 11 processed, 9 failed files
2025-08-25 10:34:52,235 - INFO - [DATA] Status: 11 processed, 9 failed files
2025-08-25 10:35:02,237 - INFO - [DATA] Status: 11 processed, 9 failed files
2025-08-25 10:35:12,239 - INFO - [DATA] Status: 11 processed, 9 failed files
2025-08-25 10:35:22,241 - INFO - [DATA] Status: 11 processed, 9 failed files
2025-08-25 10:35:32,244 - INFO - [DATA] Status: 11 processed, 9 failed files
2025-08-25 10:35:42,246 - INFO - [DATA] Status: 11 processed, 9 failed files
2025-08-25 10:35:52,249 - INFO - [DATA] Status: 11 processed, 9 failed files
2025-08-25 10:36:02,251 - INFO - [DATA] Status: 11 processed, 9 failed files
2025-08-25 10:36:12,252 - INFO - [DATA] Status: 11 processed, 9 failed files
2025-08-25 10:36:22,254 - INFO - [DATA] Status: 11 processed, 9 failed files
2025-08-25 10:36:32,256 - INFO - [DATA] Status: 11 processed, 9 failed files
2025-08-25 10:36:42,258 - INFO - [DATA] Status: 11 processed, 9 failed files
2025-08-25 10:36:52,261 - INFO - [DATA] Status: 11 processed, 9 failed files
2025-08-25 10:37:02,263 - INFO - [DATA] Status: 11 processed, 9 failed files
2025-08-25 10:37:12,266 - INFO - [DATA] Status: 11 processed, 9 failed files
2025-08-25 10:37:22,268 - INFO - [DATA] Status: 11 processed, 9 failed files
2025-08-25 10:37:32,270 - INFO - [DATA] Status: 11 processed, 9 failed files
2025-08-25 10:37:42,272 - INFO - [DATA] Status: 11 processed, 9 failed files
2025-08-25 10:37:52,273 - INFO - [DATA] Status: 11 processed, 9 failed files
2025-08-25 10:38:02,275 - INFO - [DATA] Status: 11 processed, 9 failed files
2025-08-25 10:38:12,277 - INFO - [DATA] Status: 11 processed, 9 failed files
2025-08-25 10:38:22,279 - INFO - [DATA] Status: 11 processed, 9 failed files
2025-08-25 10:38:32,282 - INFO - [DATA] Status: 11 processed, 9 failed files
2025-08-25 10:38:42,282 - INFO - [DATA] Status: 11 processed, 9 failed files
2025-08-25 10:38:52,284 - INFO - [DATA] Status: 11 processed, 9 failed files
2025-08-25 10:39:02,286 - INFO - [DATA] Status: 11 processed, 9 failed files
2025-08-25 10:39:12,288 - INFO - [DATA] Status: 11 processed, 9 failed files
2025-08-25 10:39:22,291 - INFO - [DATA] Status: 11 processed, 9 failed files
2025-08-25 10:39:32,293 - INFO - [DATA] Status: 11 processed, 9 failed files
2025-08-25 10:39:42,294 - INFO - [DATA] Status: 11 processed, 9 failed files
2025-08-25 10:39:52,295 - INFO - [DATA] Status: 11 processed, 9 failed files
2025-08-25 10:40:02,296 - INFO - [DATA] Status: 11 processed, 9 failed files
2025-08-25 10:40:12,298 - INFO - [DATA] Status: 11 processed, 9 failed files
2025-08-25 10:40:22,301 - INFO - [DATA] Status: 11 processed, 9 failed files
2025-08-25 10:40:32,303 - INFO - [DATA] Status: 11 processed, 9 failed files
2025-08-25 10:40:42,307 - INFO - [DATA] Status: 11 processed, 9 failed files
2025-08-25 10:40:52,310 - INFO - [DATA] Status: 11 processed, 9 failed files
2025-08-25 10:41:02,312 - INFO - [DATA] Status: 11 processed, 9 failed files
2025-08-25 10:41:12,314 - INFO - [DATA] Status: 11 processed, 9 failed files
2025-08-25 10:41:22,317 - INFO - [DATA] Status: 11 processed, 9 failed files
2025-08-25 10:41:32,318 - INFO - [DATA] Status: 11 processed, 9 failed files
2025-08-25 10:41:42,319 - INFO - [DATA] Status: 11 processed, 9 failed files
2025-08-25 10:41:52,322 - INFO - [DATA] Status: 11 processed, 9 failed files
2025-08-25 10:42:02,323 - INFO - [DATA] Status: 11 processed, 9 failed files
2025-08-25 10:42:12,325 - INFO - [DATA] Status: 11 processed, 9 failed files
2025-08-25 10:42:22,327 - INFO - [DATA] Status: 11 processed, 9 failed files
2025-08-25 10:42:32,329 - INFO - [DATA] Status: 11 processed, 9 failed files
2025-08-25 10:42:42,330 - INFO - [DATA] Status: 11 processed, 9 failed files
2025-08-25 10:42:52,332 - INFO - [DATA] Status: 11 processed, 9 failed files
2025-08-25 10:43:02,334 - INFO - [DATA] Status: 11 processed, 9 failed files
2025-08-25 10:43:12,335 - INFO - [DATA] Status: 11 processed, 9 failed files
2025-08-25 10:43:22,336 - INFO - [DATA] Status: 11 processed, 9 failed files
2025-08-25 10:43:32,339 - INFO - [DATA] Status: 11 processed, 9 failed files
2025-08-25 10:43:42,343 - INFO - [DATA] Status: 11 processed, 9 failed files
2025-08-25 10:43:52,344 - INFO - [DATA] Status: 11 processed, 9 failed files
2025-08-25 10:44:02,347 - INFO - [DATA] Status: 11 processed, 9 failed files
2025-08-25 10:44:12,349 - INFO - [DATA] Status: 11 processed, 9 failed files
2025-08-25 10:44:22,350 - INFO - [DATA] Status: 11 processed, 9 failed files
2025-08-25 10:44:32,351 - INFO - [DATA] Status: 11 processed, 9 failed files
2025-08-25 10:44:42,354 - INFO - [DATA] Status: 11 processed, 9 failed files
2025-08-25 10:44:52,358 - INFO - [DATA] Status: 11 processed, 9 failed files
2025-08-25 10:45:02,361 - INFO - [DATA] Status: 11 processed, 9 failed files
2025-08-25 10:45:12,363 - INFO - [DATA] Status: 11 processed, 9 failed files
2025-08-25 10:45:22,365 - INFO - [DATA] Status: 11 processed, 9 failed files
2025-08-25 10:45:32,367 - INFO - [DATA] Status: 11 processed, 9 failed files
2025-08-25 10:45:42,369 - INFO - [DATA] Status: 11 processed, 9 failed files
2025-08-25 10:45:52,372 - INFO - [DATA] Status: 11 processed, 9 failed files
2025-08-25 10:46:02,373 - INFO - [DATA] Status: 11 processed, 9 failed files
2025-08-25 10:46:12,375 - INFO - [DATA] Status: 11 processed, 9 failed files
2025-08-25 10:46:22,377 - INFO - [DATA] Status: 11 processed, 9 failed files
2025-08-25 10:46:32,379 - INFO - [DATA] Status: 11 processed, 9 failed files
2025-08-25 10:46:42,381 - INFO - [DATA] Status: 11 processed, 9 failed files
2025-08-25 10:46:52,383 - INFO - [DATA] Status: 11 processed, 9 failed files
2025-08-25 10:47:02,386 - INFO - [DATA] Status: 11 processed, 9 failed files
2025-08-25 10:47:12,391 - INFO - [DATA] Status: 11 processed, 9 failed files
2025-08-25 10:47:22,393 - INFO - [DATA] Status: 11 processed, 9 failed files
2025-08-25 10:47:32,394 - INFO - [DATA] Status: 11 processed, 9 failed files
2025-08-25 10:47:42,398 - INFO - [DATA] Status: 11 processed, 9 failed files
2025-08-25 10:47:52,400 - INFO - [DATA] Status: 11 processed, 9 failed files
2025-08-25 10:48:02,400 - INFO - [DATA] Status: 11 processed, 9 failed files
2025-08-25 10:48:12,402 - INFO - [DATA] Status: 11 processed, 9 failed files
2025-08-25 10:48:22,405 - INFO - [DATA] Status: 11 processed, 9 failed files
2025-08-25 10:48:32,407 - INFO - [DATA] Status: 11 processed, 9 failed files
2025-08-25 10:48:42,409 - INFO - [DATA] Status: 11 processed, 9 failed files
2025-08-25 10:48:52,411 - INFO - [DATA] Status: 11 processed, 9 failed files
2025-08-25 10:49:02,413 - INFO - [DATA] Status: 11 processed, 9 failed files
2025-08-25 10:49:12,417 - INFO - [DATA] Status: 11 processed, 9 failed files
2025-08-25 10:49:22,420 - INFO - [DATA] Status: 11 processed, 9 failed files
2025-08-25 10:49:32,421 - INFO - [DATA] Status: 11 processed, 9 failed files
2025-08-25 10:49:42,426 - INFO - [DATA] Status: 11 processed, 9 failed files
2025-08-25 10:49:52,428 - INFO - [DATA] Status: 11 processed, 9 failed files
2025-08-25 10:50:02,431 - INFO - [DATA] Status: 11 processed, 9 failed files
2025-08-25 10:50:12,432 - INFO - [DATA] Status: 11 processed, 9 failed files
2025-08-25 10:50:22,434 - INFO - [DATA] Status: 11 processed, 9 failed files
2025-08-25 10:50:32,435 - INFO - [DATA] Status: 11 processed, 9 failed files
2025-08-25 10:50:42,437 - INFO - [DATA] Status: 11 processed, 9 failed files
2025-08-25 10:50:52,438 - INFO - [DATA] Status: 11 processed, 9 failed files
2025-08-25 10:51:02,439 - INFO - [DATA] Status: 11 processed, 9 failed files
2025-08-25 10:51:12,443 - INFO - [DATA] Status: 11 processed, 9 failed files
2025-08-25 10:51:22,445 - INFO - [DATA] Status: 11 processed, 9 failed files
2025-08-25 10:51:32,447 - INFO - [DATA] Status: 11 processed, 9 failed files
2025-08-25 10:51:42,449 - INFO - [DATA] Status: 11 processed, 9 failed files
2025-08-25 10:51:52,451 - INFO - [DATA] Status: 11 processed, 9 failed files
2025-08-25 10:52:02,453 - INFO - [DATA] Status: 11 processed, 9 failed files
2025-08-25 10:52:12,455 - INFO - [DATA] Status: 11 processed, 9 failed files
2025-08-25 10:52:22,458 - INFO - [DATA] Status: 11 processed, 9 failed files
2025-08-25 10:52:32,460 - INFO - [DATA] Status: 11 processed, 9 failed files
2025-08-25 10:52:42,462 - INFO - [DATA] Status: 11 processed, 9 failed files
2025-08-25 10:52:52,463 - INFO - [DATA] Status: 11 processed, 9 failed files
2025-08-25 10:53:02,468 - INFO - [DATA] Status: 11 processed, 9 failed files
2025-08-25 10:53:12,471 - INFO - [DATA] Status: 11 processed, 9 failed files
2025-08-25 10:53:22,474 - INFO - [DATA] Status: 11 processed, 9 failed files
2025-08-25 10:53:32,482 - INFO - [DATA] Status: 11 processed, 9 failed files
2025-08-25 10:53:42,486 - INFO - [DATA] Status: 11 processed, 9 failed files
2025-08-25 10:53:52,488 - INFO - [DATA] Status: 11 processed, 9 failed files
2025-08-25 10:54:02,492 - INFO - [DATA] Status: 11 processed, 9 failed files
2025-08-25 10:54:12,497 - INFO - [DATA] Status: 11 processed, 9 failed files
2025-08-25 10:54:22,499 - INFO - [DATA] Status: 11 processed, 9 failed files
2025-08-25 10:54:32,502 - INFO - [DATA] Status: 11 processed, 9 failed files
2025-08-25 10:54:42,503 - INFO - [DATA] Status: 11 processed, 9 failed files
2025-08-25 10:54:52,507 - INFO - [DATA] Status: 11 processed, 9 failed files
2025-08-25 10:55:02,509 - INFO - [DATA] Status: 11 processed, 9 failed files
2025-08-25 10:55:12,511 - INFO - [DATA] Status: 11 processed, 9 failed files
2025-08-25 10:55:22,513 - INFO - [DATA] Status: 11 processed, 9 failed files
2025-08-25 10:55:32,516 - INFO - [DATA] Status: 11 processed, 9 failed files
2025-08-25 10:55:42,518 - INFO - [DATA] Status: 11 processed, 9 failed files
2025-08-25 10:55:52,520 - INFO - [DATA] Status: 11 processed, 9 failed files
2025-08-25 10:56:02,523 - INFO - [DATA] Status: 11 processed, 9 failed files
2025-08-25 10:56:12,525 - INFO - [DATA] Status: 11 processed, 9 failed files
2025-08-25 10:56:22,527 - INFO - [DATA] Status: 11 processed, 9 failed files
2025-08-25 10:56:32,530 - INFO - [DATA] Status: 11 processed, 9 failed files
2025-08-25 10:56:42,531 - INFO - [DATA] Status: 11 processed, 9 failed files
2025-08-25 10:56:52,532 - INFO - [DATA] Status: 11 processed, 9 failed files
2025-08-25 10:57:02,536 - INFO - [DATA] Status: 11 processed, 9 failed files
2025-08-25 10:57:12,542 - INFO - [DATA] Status: 11 processed, 9 failed files
2025-08-25 10:57:22,544 - INFO - [DATA] Status: 11 processed, 9 failed files
2025-08-25 10:57:32,546 - INFO - [DATA] Status: 11 processed, 9 failed files
2025-08-25 10:57:42,548 - INFO - [DATA] Status: 11 processed, 9 failed files
2025-08-25 10:57:52,550 - INFO - [DATA] Status: 11 processed, 9 failed files
2025-08-25 10:58:02,551 - INFO - [DATA] Status: 11 processed, 9 failed files
2025-08-25 10:58:12,553 - INFO - [DATA] Status: 11 processed, 9 failed files
2025-08-25 10:58:22,555 - INFO - [DATA] Status: 11 processed, 9 failed files
2025-08-25 10:58:32,557 - INFO - [DATA] Status: 11 processed, 9 failed files
2025-08-25 10:58:42,558 - INFO - [DATA] Status: 11 processed, 9 failed files
2025-08-25 10:58:52,560 - INFO - [DATA] Status: 11 processed, 9 failed files
2025-08-25 10:59:02,562 - INFO - [DATA] Status: 11 processed, 9 failed files
2025-08-25 10:59:12,564 - INFO - [DATA] Status: 11 processed, 9 failed files
2025-08-25 10:59:22,566 - INFO - [DATA] Status: 11 processed, 9 failed files
2025-08-25 10:59:32,574 - INFO - [DATA] Status: 11 processed, 9 failed files
2025-08-25 10:59:42,577 - INFO - [DATA] Status: 11 processed, 9 failed files
2025-08-25 10:59:52,580 - INFO - [DATA] Status: 11 processed, 9 failed files
2025-08-25 11:00:02,582 - INFO - [DATA] Status: 11 processed, 9 failed files
2025-08-25 11:00:12,586 - INFO - [DATA] Status: 11 processed, 9 failed files
2025-08-25 11:00:22,588 - INFO - [DATA] Status: 11 processed, 9 failed files
2025-08-25 11:00:32,589 - INFO - [DATA] Status: 11 processed, 9 failed files
2025-08-25 11:00:42,592 - INFO - [DATA] Status: 11 processed, 9 failed files
2025-08-25 11:00:52,594 - INFO - [DATA] Status: 11 processed, 9 failed files
2025-08-25 11:01:02,596 - INFO - [DATA] Status: 11 processed, 9 failed files
2025-08-25 11:01:12,598 - INFO - [DATA] Status: 11 processed, 9 failed files
2025-08-25 11:01:22,599 - INFO - [DATA] Status: 11 processed, 9 failed files
2025-08-25 11:01:32,601 - INFO - [DATA] Status: 11 processed, 9 failed files
2025-08-25 11:01:42,603 - INFO - [DATA] Status: 11 processed, 9 failed files
2025-08-25 11:01:52,607 - INFO - [DATA] Status: 11 processed, 9 failed files
2025-08-25 11:02:02,608 - INFO - [DATA] Status: 11 processed, 9 failed files
2025-08-25 11:02:12,611 - INFO - [DATA] Status: 11 processed, 9 failed files
2025-08-25 11:02:22,613 - INFO - [DATA] Status: 11 processed, 9 failed files
2025-08-25 11:02:32,614 - INFO - [DATA] Status: 11 processed, 9 failed files
2025-08-25 11:02:42,617 - INFO - [DATA] Status: 11 processed, 9 failed files
2025-08-25 11:02:52,620 - INFO - [DATA] Status: 11 processed, 9 failed files
2025-08-25 11:03:02,622 - INFO - [DATA] Status: 11 processed, 9 failed files
2025-08-25 11:03:12,625 - INFO - [DATA] Status: 11 processed, 9 failed files
2025-08-25 11:03:22,628 - INFO - [DATA] Status: 11 processed, 9 failed files
2025-08-25 11:03:32,630 - INFO - [DATA] Status: 11 processed, 9 failed files
2025-08-25 11:03:42,632 - INFO - [DATA] Status: 11 processed, 9 failed files
2025-08-25 11:03:52,634 - INFO - [DATA] Status: 11 processed, 9 failed files
2025-08-25 11:04:02,636 - INFO - [DATA] Status: 11 processed, 9 failed files
2025-08-25 11:04:12,638 - INFO - [DATA] Status: 11 processed, 9 failed files
2025-08-25 11:04:22,640 - INFO - [DATA] Status: 11 processed, 9 failed files
2025-08-25 11:04:32,644 - INFO - [DATA] Status: 11 processed, 9 failed files
2025-08-25 11:04:42,646 - INFO - [DATA] Status: 11 processed, 9 failed files
2025-08-25 11:04:52,649 - INFO - [DATA] Status: 11 processed, 9 failed files
2025-08-25 11:05:02,651 - INFO - [DATA] Status: 11 processed, 9 failed files
2025-08-25 11:05:12,653 - INFO - [DATA] Status: 11 processed, 9 failed files
2025-08-25 11:05:22,657 - INFO - [DATA] Status: 11 processed, 9 failed files
2025-08-25 11:05:32,658 - INFO - [DATA] Status: 11 processed, 9 failed files
2025-08-25 11:05:42,661 - INFO - [DATA] Status: 11 processed, 9 failed files
2025-08-25 11:05:52,662 - INFO - [DATA] Status: 11 processed, 9 failed files
2025-08-25 11:06:02,666 - INFO - [DATA] Status: 11 processed, 9 failed files
2025-08-25 11:06:12,668 - INFO - [DATA] Status: 11 processed, 9 failed files
2025-08-25 11:06:22,669 - INFO - [DATA] Status: 11 processed, 9 failed files
2025-08-25 11:06:32,672 - INFO - [DATA] Status: 11 processed, 9 failed files
2025-08-25 11:06:42,673 - INFO - [DATA] Status: 11 processed, 9 failed files
2025-08-25 11:06:52,675 - INFO - [DATA] Status: 11 processed, 9 failed files
2025-08-25 11:07:02,678 - INFO - [DATA] Status: 11 processed, 9 failed files
2025-08-25 11:07:12,679 - INFO - [DATA] Status: 11 processed, 9 failed files
2025-08-25 11:07:22,681 - INFO - [DATA] Status: 11 processed, 9 failed files
2025-08-25 11:07:32,683 - INFO - [DATA] Status: 11 processed, 9 failed files
2025-08-25 11:07:42,686 - INFO - [DATA] Status: 11 processed, 9 failed files
2025-08-25 11:07:52,688 - INFO - [DATA] Status: 11 processed, 9 failed files
2025-08-25 11:08:02,690 - INFO - [DATA] Status: 11 processed, 9 failed files
2025-08-25 11:08:12,692 - INFO - [DATA] Status: 11 processed, 9 failed files
2025-08-25 11:08:22,694 - INFO - [DATA] Status: 11 processed, 9 failed files
2025-08-25 11:08:32,697 - INFO - [DATA] Status: 11 processed, 9 failed files
2025-08-25 11:08:42,699 - INFO - [DATA] Status: 11 processed, 9 failed files
2025-08-25 11:08:52,702 - INFO - [DATA] Status: 11 processed, 9 failed files
2025-08-25 11:09:02,704 - INFO - [DATA] Status: 11 processed, 9 failed files
2025-08-25 11:09:12,706 - INFO - [DATA] Status: 11 processed, 9 failed files
2025-08-25 11:09:22,708 - INFO - [DATA] Status: 11 processed, 9 failed files
2025-08-25 11:09:32,710 - INFO - [DATA] Status: 11 processed, 9 failed files
2025-08-25 11:09:42,711 - INFO - [DATA] Status: 11 processed, 9 failed files
2025-08-25 11:09:52,713 - INFO - [DATA] Status: 11 processed, 9 failed files
2025-08-25 11:10:02,716 - INFO - [DATA] Status: 11 processed, 9 failed files
2025-08-25 11:10:12,719 - INFO - [DATA] Status: 11 processed, 9 failed files
2025-08-25 11:10:22,720 - INFO - [DATA] Status: 11 processed, 9 failed files
2025-08-25 11:10:32,724 - INFO - [DATA] Status: 11 processed, 9 failed files
2025-08-25 11:10:42,726 - INFO - [DATA] Status: 11 processed, 9 failed files
2025-08-25 11:10:52,728 - INFO - [DATA] Status: 11 processed, 9 failed files
2025-08-25 11:11:02,730 - INFO - [DATA] Status: 11 processed, 9 failed files
2025-08-25 11:11:12,732 - INFO - [DATA] Status: 11 processed, 9 failed files
2025-08-25 11:11:22,735 - INFO - [DATA] Status: 11 processed, 9 failed files
2025-08-25 11:11:32,736 - INFO - [DATA] Status: 11 processed, 9 failed files
2025-08-25 11:11:42,740 - INFO - [DATA] Status: 11 processed, 9 failed files
2025-08-25 11:11:52,742 - INFO - [DATA] Status: 11 processed, 9 failed files
2025-08-25 11:12:02,743 - INFO - [DATA] Status: 11 processed, 9 failed files
2025-08-25 11:12:12,746 - INFO - [DATA] Status: 11 processed, 9 failed files
2025-08-25 11:12:22,751 - INFO - [DATA] Status: 11 processed, 9 failed files
2025-08-25 11:12:32,755 - INFO - [DATA] Status: 11 processed, 9 failed files
2025-08-25 11:12:42,758 - INFO - [DATA] Status: 11 processed, 9 failed files
2025-08-25 11:12:52,760 - INFO - [DATA] Status: 11 processed, 9 failed files
2025-08-25 11:13:02,762 - INFO - [DATA] Status: 11 processed, 9 failed files
2025-08-25 11:13:12,763 - INFO - [DATA] Status: 11 processed, 9 failed files
2025-08-25 11:13:22,765 - INFO - [DATA] Status: 11 processed, 9 failed files
2025-08-25 11:13:32,767 - INFO - [DATA] Status: 11 processed, 9 failed files
2025-08-25 11:13:42,768 - INFO - [DATA] Status: 11 processed, 9 failed files
2025-08-25 11:13:52,770 - INFO - [DATA] Status: 11 processed, 9 failed files
2025-08-25 11:14:02,772 - INFO - [DATA] Status: 11 processed, 9 failed files
2025-08-25 11:14:12,774 - INFO - [DATA] Status: 11 processed, 9 failed files
2025-08-25 11:14:22,776 - INFO - [DATA] Status: 11 processed, 9 failed files
2025-08-25 11:14:32,778 - INFO - [DATA] Status: 11 processed, 9 failed files
2025-08-25 11:14:42,782 - INFO - [DATA] Status: 11 processed, 9 failed files
2025-08-25 11:14:52,784 - INFO - [DATA] Status: 11 processed, 9 failed files
2025-08-25 11:15:02,785 - INFO - [DATA] Status: 11 processed, 9 failed files
2025-08-25 11:15:12,790 - INFO - [DATA] Status: 11 processed, 9 failed files
2025-08-25 11:15:22,793 - INFO - [DATA] Status: 11 processed, 9 failed files
2025-08-25 11:15:32,796 - INFO - [DATA] Status: 11 processed, 9 failed files
2025-08-25 11:15:42,798 - INFO - [DATA] Status: 11 processed, 9 failed files
2025-08-25 11:15:52,802 - INFO - [DATA] Status: 11 processed, 9 failed files
2025-08-25 11:16:02,804 - INFO - [DATA] Status: 11 processed, 9 failed files
2025-08-25 11:16:12,805 - INFO - [DATA] Status: 11 processed, 9 failed files
2025-08-25 11:16:22,808 - INFO - [DATA] Status: 11 processed, 9 failed files
2025-08-25 11:16:32,809 - INFO - [DATA] Status: 11 processed, 9 failed files
2025-08-25 11:16:42,812 - INFO - [DATA] Status: 11 processed, 9 failed files
2025-08-25 11:16:52,814 - INFO - [DATA] Status: 11 processed, 9 failed files
2025-08-25 11:17:02,816 - INFO - [DATA] Status: 11 processed, 9 failed files
2025-08-25 11:17:12,819 - INFO - [DATA] Status: 11 processed, 9 failed files
2025-08-25 11:17:22,822 - INFO - [DATA] Status: 11 processed, 9 failed files
2025-08-25 11:17:32,825 - INFO - [DATA] Status: 11 processed, 9 failed files
2025-08-25 11:17:42,828 - INFO - [DATA] Status: 11 processed, 9 failed files
2025-08-25 11:17:52,832 - INFO - [DATA] Status: 11 processed, 9 failed files
2025-08-25 11:18:02,834 - INFO - [DATA] Status: 11 processed, 9 failed files
2025-08-25 11:18:12,836 - INFO - [DATA] Status: 11 processed, 9 failed files
2025-08-25 11:18:22,838 - INFO - [DATA] Status: 11 processed, 9 failed files
2025-08-25 11:18:32,843 - INFO - [DATA] Status: 11 processed, 9 failed files
2025-08-25 11:18:42,845 - INFO - [DATA] Status: 11 processed, 9 failed files
2025-08-25 11:18:52,847 - INFO - [DATA] Status: 11 processed, 9 failed files
2025-08-25 11:19:02,849 - INFO - [DATA] Status: 11 processed, 9 failed files
2025-08-25 11:19:12,850 - INFO - [DATA] Status: 11 processed, 9 failed files
2025-08-25 11:19:22,852 - INFO - [DATA] Status: 11 processed, 9 failed files
2025-08-25 11:19:32,856 - INFO - [DATA] Status: 11 processed, 9 failed files
2025-08-25 11:19:42,859 - INFO - [DATA] Status: 11 processed, 9 failed files
2025-08-25 11:19:52,862 - INFO - [DATA] Status: 11 processed, 9 failed files
2025-08-25 11:20:02,863 - INFO - [DATA] Status: 11 processed, 9 failed files
2025-08-25 11:20:12,866 - INFO - [DATA] Status: 11 processed, 9 failed files
2025-08-25 11:20:22,868 - INFO - [DATA] Status: 11 processed, 9 failed files
2025-08-25 11:20:32,870 - INFO - [DATA] Status: 11 processed, 9 failed files
2025-08-25 11:20:42,871 - INFO - [DATA] Status: 11 processed, 9 failed files
2025-08-25 11:20:52,874 - INFO - [DATA] Status: 11 processed, 9 failed files
2025-08-25 11:21:02,876 - INFO - [DATA] Status: 11 processed, 9 failed files
2025-08-25 11:21:12,878 - INFO - [DATA] Status: 11 processed, 9 failed files
2025-08-25 11:21:22,884 - INFO - [DATA] Status: 11 processed, 9 failed files
2025-08-25 11:21:32,890 - INFO - [DATA] Status: 11 processed, 9 failed files
2025-08-25 11:21:42,892 - INFO - [DATA] Status: 11 processed, 9 failed files
2025-08-25 11:21:52,894 - INFO - [DATA] Status: 11 processed, 9 failed files
2025-08-25 11:22:02,897 - INFO - [DATA] Status: 11 processed, 9 failed files
2025-08-25 11:22:12,899 - INFO - [DATA] Status: 11 processed, 9 failed files
2025-08-25 11:22:22,902 - INFO - [DATA] Status: 11 processed, 9 failed files
2025-08-25 11:22:32,906 - INFO - [DATA] Status: 11 processed, 9 failed files
2025-08-25 11:22:42,909 - INFO - [DATA] Status: 11 processed, 9 failed files
2025-08-25 11:22:52,912 - INFO - [DATA] Status: 11 processed, 9 failed files
2025-08-25 11:23:02,915 - INFO - [DATA] Status: 11 processed, 9 failed files
2025-08-25 11:23:12,917 - INFO - [DATA] Status: 11 processed, 9 failed files
2025-08-25 11:23:22,919 - INFO - [DATA] Status: 11 processed, 9 failed files
2025-08-25 11:23:32,920 - INFO - [DATA] Status: 11 processed, 9 failed files
2025-08-25 11:23:42,924 - INFO - [DATA] Status: 11 processed, 9 failed files
2025-08-25 11:23:52,926 - INFO - [DATA] Status: 11 processed, 9 failed files
2025-08-25 11:24:02,929 - INFO - [DATA] Status: 11 processed, 9 failed files
2025-08-25 11:24:12,930 - INFO - [DATA] Status: 11 processed, 9 failed files
2025-08-25 11:24:22,933 - INFO - [DATA] Status: 11 processed, 9 failed files
2025-08-25 11:24:32,934 - INFO - [DATA] Status: 11 processed, 9 failed files
2025-08-25 11:24:42,935 - INFO - [DATA] Status: 11 processed, 9 failed files
2025-08-25 11:24:52,937 - INFO - [DATA] Status: 11 processed, 9 failed files
2025-08-25 11:25:02,940 - INFO - [DATA] Status: 11 processed, 9 failed files
2025-08-25 11:25:12,943 - INFO - [DATA] Status: 11 processed, 9 failed files
2025-08-25 11:25:22,945 - INFO - [DATA] Status: 11 processed, 9 failed files
2025-08-25 11:25:32,946 - INFO - [DATA] Status: 11 processed, 9 failed files
2025-08-25 11:25:42,948 - INFO - [DATA] Status: 11 processed, 9 failed files
2025-08-25 11:25:52,958 - INFO - [DATA] Status: 11 processed, 9 failed files
2025-08-25 11:26:02,961 - INFO - [DATA] Status: 11 processed, 9 failed files
2025-08-25 11:26:12,962 - INFO - [DATA] Status: 11 processed, 9 failed files
2025-08-25 11:26:22,964 - INFO - [DATA] Status: 11 processed, 9 failed files
2025-08-25 11:26:32,968 - INFO - [DATA] Status: 11 processed, 9 failed files
2025-08-25 11:26:42,970 - INFO - [DATA] Status: 11 processed, 9 failed files
2025-08-25 11:26:52,972 - INFO - [DATA] Status: 11 processed, 9 failed files
2025-08-25 11:27:02,976 - INFO - [DATA] Status: 11 processed, 9 failed files
2025-08-25 11:27:12,979 - INFO - [DATA] Status: 11 processed, 9 failed files
2025-08-25 11:27:22,982 - INFO - [DATA] Status: 11 processed, 9 failed files
2025-08-25 11:27:32,984 - INFO - [DATA] Status: 11 processed, 9 failed files
2025-08-25 11:27:42,986 - INFO - [DATA] Status: 11 processed, 9 failed files
2025-08-25 11:27:52,988 - INFO - [DATA] Status: 11 processed, 9 failed files
2025-08-25 11:28:02,990 - INFO - [DATA] Status: 11 processed, 9 failed files
2025-08-25 11:28:12,992 - INFO - [DATA] Status: 11 processed, 9 failed files
2025-08-25 11:28:22,996 - INFO - [DATA] Status: 11 processed, 9 failed files
2025-08-25 11:28:32,998 - INFO - [DATA] Status: 11 processed, 9 failed files
2025-08-25 11:28:43,001 - INFO - [DATA] Status: 11 processed, 9 failed files
2025-08-25 11:28:53,003 - INFO - [DATA] Status: 11 processed, 9 failed files
2025-08-25 11:29:03,005 - INFO - [DATA] Status: 11 processed, 9 failed files
2025-08-25 11:29:13,007 - INFO - [DATA] Status: 11 processed, 9 failed files
2025-08-25 11:29:23,009 - INFO - [DATA] Status: 11 processed, 9 failed files
2025-08-25 11:29:33,012 - INFO - [DATA] Status: 11 processed, 9 failed files
2025-08-25 11:29:43,015 - INFO - [DATA] Status: 11 processed, 9 failed files
2025-08-25 11:29:53,017 - INFO - [DATA] Status: 11 processed, 9 failed files
2025-08-25 11:30:03,020 - INFO - [DATA] Status: 11 processed, 9 failed files
2025-08-25 11:30:13,021 - INFO - [DATA] Status: 11 processed, 9 failed files
2025-08-25 11:30:23,025 - INFO - [DATA] Status: 11 processed, 9 failed files
2025-08-25 11:30:33,027 - INFO - [DATA] Status: 11 processed, 9 failed files
2025-08-25 11:30:43,028 - INFO - [DATA] Status: 11 processed, 9 failed files
2025-08-25 11:30:53,030 - INFO - [DATA] Status: 11 processed, 9 failed files
2025-08-25 11:31:03,032 - INFO - [DATA] Status: 11 processed, 9 failed files
2025-08-25 11:31:13,034 - INFO - [DATA] Status: 11 processed, 9 failed files
2025-08-25 11:31:23,041 - INFO - [DATA] Status: 11 processed, 9 failed files
2025-08-25 11:31:33,043 - INFO - [DATA] Status: 11 processed, 9 failed files
2025-08-25 11:31:43,044 - INFO - [DATA] Status: 11 processed, 9 failed files
2025-08-25 11:31:53,050 - INFO - [DATA] Status: 11 processed, 9 failed files
2025-08-25 11:32:03,054 - INFO - [DATA] Status: 11 processed, 9 failed files
2025-08-25 11:32:13,056 - INFO - [DATA] Status: 11 processed, 9 failed files
2025-08-25 11:32:14,360 - INFO - [STOP] Stopping file monitoring...
2025-08-25 11:32:14,391 - INFO - [SUCCESS] File processing system stopped
